This file contains any messages produced by compilers while
running configure, to aid debugging if configure makes a mistake.

It was created by swig configure 2.0.10, which was
generated by GNU Autoconf 2.68.  Invocation command line was

  $ ./configure 

## --------- ##
## Platform. ##
## --------- ##

hostname = MSec
uname -m = i686
uname -r = 3.2.0-43-generic-pae
uname -s = Linux
uname -v = #68-Ubuntu SMP Wed May 15 03:55:10 UTC 2013

/usr/bin/uname -p = unknown
/bin/uname -X     = unknown

/bin/arch              = unknown
/usr/bin/arch -k       = unknown
/usr/convex/getsysinfo = unknown
/usr/bin/hostinfo      = unknown
/bin/machine           = unknown
/usr/bin/oslevel       = unknown
/bin/universe          = unknown

PATH: /usr/lib/lightdm/lightdm
PATH: /usr/local/sbin
PATH: /usr/local/bin
PATH: /usr/sbin
PATH: /usr/bin
PATH: /sbin
PATH: /bin
PATH: /usr/games


## ----------- ##
## Core tests. ##
## ----------- ##

configure:2805: checking build system type
configure:2819: result: i686-pc-linux-gnu
configure:2839: checking host system type
configure:2852: result: i686-pc-linux-gnu
configure:2888: checking for a BSD-compatible install
configure:2956: result: /usr/bin/install -c
configure:2967: checking whether build environment is sane
configure:3017: result: yes
configure:3158: checking for a thread-safe mkdir -p
configure:3197: result: /bin/mkdir -p
configure:3210: checking for gawk
configure:3240: result: no
configure:3210: checking for mawk
configure:3226: found /usr/bin/mawk
configure:3237: result: mawk
configure:3248: checking whether make sets $(MAKE)
configure:3270: result: yes
configure:3401: checking for gcc
configure:3417: found /usr/bin/gcc
configure:3428: result: gcc
configure:3657: checking for C compiler version
configure:3666: gcc --version >&5
gcc (Ubuntu/Linaro 4.6.3-1ubuntu5) 4.6.3
Copyright (C) 2011 Free Software Foundation, Inc.
This is free software; see the source for copying conditions.  There is NO
warranty; not even for MERCHANTABILITY or FITNESS FOR A PARTICULAR PURPOSE.

configure:3677: $? = 0
configure:3666: gcc -v >&5
Using built-in specs.
COLLECT_GCC=gcc
COLLECT_LTO_WRAPPER=/usr/lib/gcc/i686-linux-gnu/4.6/lto-wrapper
Target: i686-linux-gnu
Configured with: ../src/configure -v --with-pkgversion='Ubuntu/Linaro 4.6.3-1ubuntu5' --with-bugurl=file:///usr/share/doc/gcc-4.6/README.Bugs --enable-languages=c,c++,fortran,objc,obj-c++ --prefix=/usr --program-suffix=-4.6 --enable-shared --enable-linker-build-id --with-system-zlib --libexecdir=/usr/lib --without-included-gettext --enable-threads=posix --with-gxx-include-dir=/usr/include/c++/4.6 --libdir=/usr/lib --enable-nls --with-sysroot=/ --enable-clocale=gnu --enable-libstdcxx-debug --enable-libstdcxx-time=yes --enable-gnu-unique-object --enable-plugin --enable-objc-gc --enable-targets=all --disable-werror --with-arch-32=i686 --with-tune=generic --enable-checking=release --build=i686-linux-gnu --host=i686-linux-gnu --target=i686-linux-gnu
Thread model: posix
gcc version 4.6.3 (Ubuntu/Linaro 4.6.3-1ubuntu5) 
configure:3677: $? = 0
configure:3666: gcc -V >&5
gcc: error: unrecognized option '-V'
gcc: fatal error: no input files
compilation terminated.
configure:3677: $? = 4
configure:3666: gcc -qversion >&5
gcc: error: unrecognized option '-qversion'
gcc: fatal error: no input files
compilation terminated.
configure:3677: $? = 4
configure:3697: checking whether the C compiler works
configure:3719: gcc    conftest.c  >&5
configure:3723: $? = 0
configure:3771: result: yes
configure:3774: checking for C compiler default output file name
configure:3776: result: a.out
configure:3782: checking for suffix of executables
configure:3789: gcc -o conftest    conftest.c  >&5
configure:3793: $? = 0
configure:3815: result: 
configure:3837: checking whether we are cross compiling
configure:3845: gcc -o conftest    conftest.c  >&5
configure:3849: $? = 0
configure:3856: ./conftest
configure:3860: $? = 0
configure:3875: result: no
configure:3880: checking for suffix of object files
configure:3902: gcc -c   conftest.c >&5
configure:3906: $? = 0
configure:3927: result: o
configure:3931: checking whether we are using the GNU C compiler
configure:3950: gcc -c   conftest.c >&5
configure:3950: $? = 0
configure:3959: result: yes
configure:3968: checking whether gcc accepts -g
configure:3988: gcc -c -g  conftest.c >&5
configure:3988: $? = 0
configure:4029: result: yes
configure:4046: checking for gcc option to accept ISO C89
configure:4110: gcc  -c -g -O2  conftest.c >&5
configure:4110: $? = 0
configure:4123: result: none needed
configure:4154: checking for style of include used by make
configure:4182: result: GNU
configure:4208: checking dependency style of gcc
configure:4319: result: gcc3
configure:4392: checking for g++
configure:4408: found /usr/bin/g++
configure:4419: result: g++
configure:4446: checking for C++ compiler version
configure:4455: g++ --version >&5
g++ (Ubuntu/Linaro 4.6.3-1ubuntu5) 4.6.3
Copyright (C) 2011 Free Software Foundation, Inc.
This is free software; see the source for copying conditions.  There is NO
warranty; not even for MERCHANTABILITY or FITNESS FOR A PARTICULAR PURPOSE.

configure:4466: $? = 0
configure:4455: g++ -v >&5
Using built-in specs.
COLLECT_GCC=g++
COLLECT_LTO_WRAPPER=/usr/lib/gcc/i686-linux-gnu/4.6/lto-wrapper
Target: i686-linux-gnu
Configured with: ../src/configure -v --with-pkgversion='Ubuntu/Linaro 4.6.3-1ubuntu5' --with-bugurl=file:///usr/share/doc/gcc-4.6/README.Bugs --enable-languages=c,c++,fortran,objc,obj-c++ --prefix=/usr --program-suffix=-4.6 --enable-shared --enable-linker-build-id --with-system-zlib --libexecdir=/usr/lib --without-included-gettext --enable-threads=posix --with-gxx-include-dir=/usr/include/c++/4.6 --libdir=/usr/lib --enable-nls --with-sysroot=/ --enable-clocale=gnu --enable-libstdcxx-debug --enable-libstdcxx-time=yes --enable-gnu-unique-object --enable-plugin --enable-objc-gc --enable-targets=all --disable-werror --with-arch-32=i686 --with-tune=generic --enable-checking=release --build=i686-linux-gnu --host=i686-linux-gnu --target=i686-linux-gnu
Thread model: posix
gcc version 4.6.3 (Ubuntu/Linaro 4.6.3-1ubuntu5) 
configure:4466: $? = 0
configure:4455: g++ -V >&5
g++: error: unrecognized option '-V'
g++: fatal error: no input files
compilation terminated.
configure:4466: $? = 4
configure:4455: g++ -qversion >&5
g++: error: unrecognized option '-qversion'
g++: fatal error: no input files
compilation terminated.
configure:4466: $? = 4
configure:4470: checking whether we are using the GNU C++ compiler
configure:4489: g++ -c   conftest.cpp >&5
configure:4489: $? = 0
configure:4498: result: yes
configure:4507: checking whether g++ accepts -g
configure:4527: g++ -c -g  conftest.cpp >&5
configure:4527: $? = 0
configure:4568: result: yes
configure:4593: checking dependency style of g++
configure:4704: result: gcc3
configure:4722: checking whether gcc and cc understand -c and -o together
configure:4753: gcc -c conftest.c -o conftest2.o >&5
configure:4757: $? = 0
configure:4763: gcc -c conftest.c -o conftest2.o >&5
configure:4767: $? = 0
configure:4778: cc -c conftest.c >&5
configure:4782: $? = 0
configure:4790: cc -c conftest.c -o conftest2.o >&5
configure:4794: $? = 0
configure:4800: cc -c conftest.c -o conftest2.o >&5
configure:4804: $? = 0
configure:4822: result: yes
configure:4849: checking maximum warning verbosity option
configure:4887: result: -Wall -W -ansi -pedantic for C++ -Wall -W -ansi -pedantic for C
configure:4910: checking how to run the C preprocessor
configure:4941: gcc -E  conftest.c
configure:4941: $? = 0
configure:4955: gcc -E  conftest.c
conftest.c:13:28: fatal error: ac_nonexistent.h: No such file or directory
compilation terminated.
configure:4955: $? = 1
configure: failed program was:
| /* confdefs.h */
| #define PACKAGE_NAME "swig"
| #define PACKAGE_TARNAME "swig"
| #define PACKAGE_VERSION "2.0.10"
| #define PACKAGE_STRING "swig 2.0.10"
| #define PACKAGE_BUGREPORT "http://www.swig.org"
| #define PACKAGE_URL ""
| #define PACKAGE "swig"
| #define VERSION "2.0.10"
| #define SWIG_CXX "g++"
| #define SWIG_PLATFORM "i686-pc-linux-gnu"
| /* end confdefs.h.  */
| #include <ac_nonexistent.h>
configure:4980: result: gcc -E
configure:5000: gcc -E  conftest.c
configure:5000: $? = 0
configure:5014: gcc -E  conftest.c
conftest.c:13:28: fatal error: ac_nonexistent.h: No such file or directory
compilation terminated.
configure:5014: $? = 1
configure: failed program was:
| /* confdefs.h */
| #define PACKAGE_NAME "swig"
| #define PACKAGE_TARNAME "swig"
| #define PACKAGE_VERSION "2.0.10"
| #define PACKAGE_STRING "swig 2.0.10"
| #define PACKAGE_BUGREPORT "http://www.swig.org"
| #define PACKAGE_URL ""
| #define PACKAGE "swig"
| #define VERSION "2.0.10"
| #define SWIG_CXX "g++"
| #define SWIG_PLATFORM "i686-pc-linux-gnu"
| /* end confdefs.h.  */
| #include <ac_nonexistent.h>
configure:5043: checking for grep that handles long lines and -e
configure:5101: result: /bin/grep
configure:5106: checking for egrep
configure:5168: result: /bin/grep -E
configure:5173: checking for ANSI C header files
configure:5193: gcc -c -g -O2 -Wall -W -ansi -pedantic  conftest.c >&5
configure:5193: $? = 0
configure:5266: gcc -o conftest -g -O2 -Wall -W -ansi -pedantic   conftest.c  >&5
configure:5266: $? = 0
configure:5266: ./conftest
configure:5266: $? = 0
configure:5277: result: yes
configure:5298: checking for sys/types.h
configure:5298: g++ -c -g -O2 -Wall -W -ansi -pedantic  conftest.cpp >&5
configure:5298: $? = 0
configure:5298: result: yes
configure:5298: checking for sys/stat.h
configure:5298: g++ -c -g -O2 -Wall -W -ansi -pedantic  conftest.cpp >&5
configure:5298: $? = 0
configure:5298: result: yes
configure:5298: checking for stdlib.h
configure:5298: g++ -c -g -O2 -Wall -W -ansi -pedantic  conftest.cpp >&5
configure:5298: $? = 0
configure:5298: result: yes
configure:5298: checking for string.h
configure:5298: g++ -c -g -O2 -Wall -W -ansi -pedantic  conftest.cpp >&5
configure:5298: $? = 0
configure:5298: result: yes
configure:5298: checking for memory.h
configure:5298: g++ -c -g -O2 -Wall -W -ansi -pedantic  conftest.cpp >&5
configure:5298: $? = 0
configure:5298: result: yes
configure:5298: checking for strings.h
configure:5298: g++ -c -g -O2 -Wall -W -ansi -pedantic  conftest.cpp >&5
configure:5298: $? = 0
configure:5298: result: yes
configure:5298: checking for inttypes.h
configure:5298: g++ -c -g -O2 -Wall -W -ansi -pedantic  conftest.cpp >&5
configure:5298: $? = 0
configure:5298: result: yes
configure:5298: checking for stdint.h
configure:5298: g++ -c -g -O2 -Wall -W -ansi -pedantic  conftest.cpp >&5
configure:5298: $? = 0
configure:5298: result: yes
configure:5298: checking for unistd.h
configure:5298: g++ -c -g -O2 -Wall -W -ansi -pedantic  conftest.cpp >&5
configure:5298: $? = 0
configure:5298: result: yes
configure:5310: checking for bool
configure:5310: g++ -c -g -O2 -Wall -W -ansi -pedantic  conftest.cpp >&5
configure:5310: $? = 0
configure:5310: g++ -c -g -O2 -Wall -W -ansi -pedantic  conftest.cpp >&5
conftest.cpp: In function 'int main()':
conftest.cpp:59:14: error: expected primary-expression before 'bool'
conftest.cpp:59:14: error: expected ')' before 'bool'
conftest.cpp:60:14: error: expected ')' before ';' token
conftest.cpp:60:14: error: expected ')' before ';' token
conftest.cpp:60:14: warning: suggest braces around empty body in an 'if' statement [-Wempty-body]
configure:5310: $? = 1
configure: failed program was:
| /* confdefs.h */
| #define PACKAGE_NAME "swig"
| #define PACKAGE_TARNAME "swig"
| #define PACKAGE_VERSION "2.0.10"
| #define PACKAGE_STRING "swig 2.0.10"
| #define PACKAGE_BUGREPORT "http://www.swig.org"
| #define PACKAGE_URL ""
| #define PACKAGE "swig"
| #define VERSION "2.0.10"
| #define SWIG_CXX "g++"
| #define SWIG_PLATFORM "i686-pc-linux-gnu"
| #define STDC_HEADERS 1
| #define HAVE_SYS_TYPES_H 1
| #define HAVE_SYS_STAT_H 1
| #define HAVE_STDLIB_H 1
| #define HAVE_STRING_H 1
| #define HAVE_MEMORY_H 1
| #define HAVE_STRINGS_H 1
| #define HAVE_INTTYPES_H 1
| #define HAVE_STDINT_H 1
| #define HAVE_UNISTD_H 1
| /* end confdefs.h.  */
| #include <stdio.h>
| #ifdef HAVE_SYS_TYPES_H
| # include <sys/types.h>
| #endif
| #ifdef HAVE_SYS_STAT_H
| # include <sys/stat.h>
| #endif
| #ifdef STDC_HEADERS
| # include <stdlib.h>
| # include <stddef.h>
| #else
| # ifdef HAVE_STDLIB_H
| #  include <stdlib.h>
| # endif
| #endif
| #ifdef HAVE_STRING_H
| # if !defined STDC_HEADERS && defined HAVE_MEMORY_H
| #  include <memory.h>
| # endif
| # include <string.h>
| #endif
| #ifdef HAVE_STRINGS_H
| # include <strings.h>
| #endif
| #ifdef HAVE_INTTYPES_H
| # include <inttypes.h>
| #endif
| #ifdef HAVE_STDINT_H
| # include <stdint.h>
| #endif
| #ifdef HAVE_UNISTD_H
| # include <unistd.h>
| #endif
| int
| main ()
| {
| if (sizeof ((bool)))
| 	    return 0;
|   ;
|   return 0;
| }
configure:5310: result: yes
configure:5337: checking for popen
configure:5337: gcc -o conftest -g -O2 -Wall -W -ansi -pedantic   conftest.c  >&5
configure:5337: $? = 0
configure:5337: result: yes
configure:5361: checking whether to enable PCRE support
configure:5363: result: yes
configure:5367: checking whether to use local PCRE
configure:5376: result: no
configure:5379: checking for a sed that does not truncate output
configure:5443: result: /bin/sed
configure:5513: checking for pcre-config
configure:5531: found /usr/bin/pcre-config
configure:5543: result: /usr/bin/pcre-config
configure:5713: checking whether to enable ccache-swig
configure:5715: result: yes
configure:5737: checking for bison
configure:5753: found /usr/bin/bison
configure:5764: result: bison -y
configure:5819: checking for ranlib
configure:5835: found /usr/bin/ranlib
configure:5846: result: ranlib
configure:5872: checking for ar
configure:5888: found /usr/bin/ar
configure:5899: result: ar
configure:5916: checking for yodl2man
configure:5946: result: no
configure:5958: checking for yodl2html
configure:5988: result: no
configure:6139: checking for boostlib >= 1.20.0
configure:6208: g++ -c -g -O2 -Wall -W -ansi -pedantic   -I/usr/include conftest.cpp >&5
configure:6208: $? = 0
configure:6210: result: yes
configure:6364: ISYSTEM: -isystem 
configure:6369: checking SO
configure:6380: result: .so
configure:6387: checking LDSHARED
configure:6436: result: gcc -shared
configure:6442: checking CXXSHARED
configure:6448: result: gcc -shared
configure:6452: checking TRYLINKINGWITHCXX
configure:6477: result: CXXSHARED= g++ -shared 
configure:6481: checking CCSHARED
configure:6500: result: -fpic
configure:6504: checking RPATH
configure:6515: result: -Xlinker -rpath $(exec_prefix)/lib -Xlinker -rpath .
configure:6521: checking LINKFORSHARED
configure:6535: result: -Xlinker -export-dynamic
configure:6539: checking PLATFLAGS
configure:6549: result: 
configure:6602: checking for dlopen in -ldl
configure:6627: gcc -o conftest -g -O2 -Wall -W -ansi -pedantic    conftest.c -ldl   -L/usr/lib/i386-linux-gnu -lpcre >&5
configure:6627: $? = 0
configure:6636: result: yes
configure:6647: checking for shl_load in -ldld
configure:6672: gcc -o conftest -g -O2 -Wall -W -ansi -pedantic    conftest.c -ldld  -ldl  -L/usr/lib/i386-linux-gnu -lpcre >&5
/usr/bin/ld: cannot find -ldld
collect2: ld returned 1 exit status
configure:6672: $? = 1
configure: failed program was:
| /* confdefs.h */
| #define PACKAGE_NAME "swig"
| #define PACKAGE_TARNAME "swig"
| #define PACKAGE_VERSION "2.0.10"
| #define PACKAGE_STRING "swig 2.0.10"
| #define PACKAGE_BUGREPORT "http://www.swig.org"
| #define PACKAGE_URL ""
| #define PACKAGE "swig"
| #define VERSION "2.0.10"
| #define SWIG_CXX "g++"
| #define SWIG_PLATFORM "i686-pc-linux-gnu"
| #define STDC_HEADERS 1
| #define HAVE_SYS_TYPES_H 1
| #define HAVE_SYS_STAT_H 1
| #define HAVE_STDLIB_H 1
| #define HAVE_STRING_H 1
| #define HAVE_MEMORY_H 1
| #define HAVE_STRINGS_H 1
| #define HAVE_INTTYPES_H 1
| #define HAVE_STDINT_H 1
| #define HAVE_UNISTD_H 1
| #define HAVE_BOOL 1
| #define HAVE_POPEN 1
| #define HAVE_PCRE 1
| #define HAVE_BOOST /**/
| #define HAVE_LIBDL 1
| /* end confdefs.h.  */
| 
| /* Override any GCC internal prototype to avoid an error.
|    Use char because int might match the return type of a GCC
|    builtin and then its argument prototype would still apply.  */
| #ifdef __cplusplus
| extern "C"
| #endif
| char shl_load ();
| int
| main ()
| {
| return shl_load ();
|   ;
|   return 0;
| }
configure:6681: result: no
configure:6693: checking for library containing t_open
configure:6724: gcc -o conftest -g -O2 -Wall -W -ansi -pedantic    conftest.c -ldl  -L/usr/lib/i386-linux-gnu -lpcre >&5
/tmp/cc6KkQhw.o: In function `main':
/home/chhama/Dropbox/mtp/o-ns-allinone-2.35.1/ns-2.35/swig-2.0.10/conftest.c:39: undefined reference to `t_open'
collect2: ld returned 1 exit status
configure:6724: $? = 1
configure: failed program was:
| /* confdefs.h */
| #define PACKAGE_NAME "swig"
| #define PACKAGE_TARNAME "swig"
| #define PACKAGE_VERSION "2.0.10"
| #define PACKAGE_STRING "swig 2.0.10"
| #define PACKAGE_BUGREPORT "http://www.swig.org"
| #define PACKAGE_URL ""
| #define PACKAGE "swig"
| #define VERSION "2.0.10"
| #define SWIG_CXX "g++"
| #define SWIG_PLATFORM "i686-pc-linux-gnu"
| #define STDC_HEADERS 1
| #define HAVE_SYS_TYPES_H 1
| #define HAVE_SYS_STAT_H 1
| #define HAVE_STDLIB_H 1
| #define HAVE_STRING_H 1
| #define HAVE_MEMORY_H 1
| #define HAVE_STRINGS_H 1
| #define HAVE_INTTYPES_H 1
| #define HAVE_STDINT_H 1
| #define HAVE_UNISTD_H 1
| #define HAVE_BOOL 1
| #define HAVE_POPEN 1
| #define HAVE_PCRE 1
| #define HAVE_BOOST /**/
| #define HAVE_LIBDL 1
| /* end confdefs.h.  */
| 
| /* Override any GCC internal prototype to avoid an error.
|    Use char because int might match the return type of a GCC
|    builtin and then its argument prototype would still apply.  */
| #ifdef __cplusplus
| extern "C"
| #endif
| char t_open ();
| int
| main ()
| {
| return t_open ();
|   ;
|   return 0;
| }
configure:6724: gcc -o conftest -g -O2 -Wall -W -ansi -pedantic    conftest.c -lnsl  -ldl  -L/usr/lib/i386-linux-gnu -lpcre >&5
/tmp/ccAFEotK.o: In function `main':
/home/chhama/Dropbox/mtp/o-ns-allinone-2.35.1/ns-2.35/swig-2.0.10/conftest.c:39: undefined reference to `t_open'
collect2: ld returned 1 exit status
configure:6724: $? = 1
configure: failed program was:
| /* confdefs.h */
| #define PACKAGE_NAME "swig"
| #define PACKAGE_TARNAME "swig"
| #define PACKAGE_VERSION "2.0.10"
| #define PACKAGE_STRING "swig 2.0.10"
| #define PACKAGE_BUGREPORT "http://www.swig.org"
| #define PACKAGE_URL ""
| #define PACKAGE "swig"
| #define VERSION "2.0.10"
| #define SWIG_CXX "g++"
| #define SWIG_PLATFORM "i686-pc-linux-gnu"
| #define STDC_HEADERS 1
| #define HAVE_SYS_TYPES_H 1
| #define HAVE_SYS_STAT_H 1
| #define HAVE_STDLIB_H 1
| #define HAVE_STRING_H 1
| #define HAVE_MEMORY_H 1
| #define HAVE_STRINGS_H 1
| #define HAVE_INTTYPES_H 1
| #define HAVE_STDINT_H 1
| #define HAVE_UNISTD_H 1
| #define HAVE_BOOL 1
| #define HAVE_POPEN 1
| #define HAVE_PCRE 1
| #define HAVE_BOOST /**/
| #define HAVE_LIBDL 1
| /* end confdefs.h.  */
| 
| /* Override any GCC internal prototype to avoid an error.
|    Use char because int might match the return type of a GCC
|    builtin and then its argument prototype would still apply.  */
| #ifdef __cplusplus
| extern "C"
| #endif
| char t_open ();
| int
| main ()
| {
| return t_open ();
|   ;
|   return 0;
| }
configure:6741: result: no
configure:6749: checking for library containing gethostbyname
configure:6780: gcc -o conftest -g -O2 -Wall -W -ansi -pedantic    conftest.c -ldl  -L/usr/lib/i386-linux-gnu -lpcre >&5
configure:6780: $? = 0
configure:6797: result: none required
configure:6805: checking for library containing socket
configure:6836: gcc -o conftest -g -O2 -Wall -W -ansi -pedantic    conftest.c -ldl  -L/usr/lib/i386-linux-gnu -lpcre >&5
configure:6836: $? = 0
configure:6853: result: none required
configure:6862: checking for swill_init in -lswill
configure:6887: gcc -o conftest -g -O2 -Wall -W -ansi -pedantic    conftest.c -lswill  -ldl  -L/usr/lib/i386-linux-gnu -lpcre >&5
/usr/bin/ld: cannot find -lswill
collect2: ld returned 1 exit status
configure:6887: $? = 1
configure: failed program was:
| /* confdefs.h */
| #define PACKAGE_NAME "swig"
| #define PACKAGE_TARNAME "swig"
| #define PACKAGE_VERSION "2.0.10"
| #define PACKAGE_STRING "swig 2.0.10"
| #define PACKAGE_BUGREPORT "http://www.swig.org"
| #define PACKAGE_URL ""
| #define PACKAGE "swig"
| #define VERSION "2.0.10"
| #define SWIG_CXX "g++"
| #define SWIG_PLATFORM "i686-pc-linux-gnu"
| #define STDC_HEADERS 1
| #define HAVE_SYS_TYPES_H 1
| #define HAVE_SYS_STAT_H 1
| #define HAVE_STDLIB_H 1
| #define HAVE_STRING_H 1
| #define HAVE_MEMORY_H 1
| #define HAVE_STRINGS_H 1
| #define HAVE_INTTYPES_H 1
| #define HAVE_STDINT_H 1
| #define HAVE_UNISTD_H 1
| #define HAVE_BOOL 1
| #define HAVE_POPEN 1
| #define HAVE_PCRE 1
| #define HAVE_BOOST /**/
| #define HAVE_LIBDL 1
| /* end confdefs.h.  */
| 
| /* Override any GCC internal prototype to avoid an error.
|    Use char because int might match the return type of a GCC
|    builtin and then its argument prototype would still apply.  */
| #ifdef __cplusplus
| extern "C"
| #endif
| char swill_init ();
| int
| main ()
| {
| return swill_init ();
|   ;
|   return 0;
| }
configure:6896: result: no
configure:6918: checking for main in -lieee
configure:6937: gcc -o conftest -g -O2 -Wall -W -ansi -pedantic    conftest.c -lieee  -ldl  -L/usr/lib/i386-linux-gnu -lpcre >&5
configure:6937: $? = 0
configure:6946: result: yes
configure:6952: checking for crypt in -lcrypt
configure:6977: gcc -o conftest -g -O2 -Wall -W -ansi -pedantic    conftest.c -lcrypt  -ldl  -L/usr/lib/i386-linux-gnu -lpcre >&5
configure:6977: $? = 0
configure:6986: result: yes
configure:7016: checking for X
configure:7124: gcc -E   conftest.c
configure:7124: $? = 0
configure:7155: gcc -o conftest -g -O2 -Wall -W -ansi -pedantic    conftest.c -lX11 -ldl  -L/usr/lib/i386-linux-gnu -lpcre >&5
configure:7155: $? = 0
configure:7205: result: libraries , headers 
configure:7216: gcc -E   conftest.c
conftest.c:28:28: fatal error: X11/XIntrinsic.h: No such file or directory
compilation terminated.
configure:7216: $? = 1
configure: failed program was:
| /* confdefs.h */
| #define PACKAGE_NAME "swig"
| #define PACKAGE_TARNAME "swig"
| #define PACKAGE_VERSION "2.0.10"
| #define PACKAGE_STRING "swig 2.0.10"
| #define PACKAGE_BUGREPORT "http://www.swig.org"
| #define PACKAGE_URL ""
| #define PACKAGE "swig"
| #define VERSION "2.0.10"
| #define SWIG_CXX "g++"
| #define SWIG_PLATFORM "i686-pc-linux-gnu"
| #define STDC_HEADERS 1
| #define HAVE_SYS_TYPES_H 1
| #define HAVE_SYS_STAT_H 1
| #define HAVE_STDLIB_H 1
| #define HAVE_STRING_H 1
| #define HAVE_MEMORY_H 1
| #define HAVE_STRINGS_H 1
| #define HAVE_INTTYPES_H 1
| #define HAVE_STDINT_H 1
| #define HAVE_UNISTD_H 1
| #define HAVE_BOOL 1
| #define HAVE_POPEN 1
| #define HAVE_PCRE 1
| #define HAVE_BOOST /**/
| #define HAVE_LIBDL 1
| /* end confdefs.h.  */
| #include <X11/XIntrinsic.h>
configure:7229: checking for X11 header files
configure:7236: gcc -E   conftest.c
configure:7236: $? = 0
configure:7251: result: # no special path needed
configure:7393: checking for Tcl configuration
configure:7419: result: found /usr/local/lib/tclConfig.sh
configure:7442: checking for Tcl header files
configure:7471: result: -isystem /usr/local/include
configure:7475: checking for Tcl library
configure:7492: result: -L/usr/local/lib -ltcl8.6
configure:7549: checking for python
configure:7565: found /usr/bin/python
configure:7576: result: python
configure:7592: checking for Python prefix
configure:7595: result: /usr
configure:7597: checking for Python exec-prefix
configure:7600: result: /usr
configure:7607: checking for Python version
configure:7613: result: python2.7
configure:7618: checking for Python lib dir
configure:7625: result: lib
configure:7630: checking for Python header files
configure:7640: result: -I/usr/include/python2.7 -I/usr/lib/python2.7/config
configure:7644: checking for Python library
configure:7657: result: /usr/lib/python2.7/config
configure:7710: checking for python3
configure:7740: result: no
configure:7710: checking for python3.6
configure:7740: result: no
configure:7710: checking for python3.5
configure:7740: result: no
configure:7710: checking for python3.4
configure:7740: result: no
configure:7710: checking for python3.3
configure:7740: result: no
configure:7710: checking for python3.2
configure:7740: result: no
configure:7710: checking for python3.1
configure:7740: result: no
configure:7710: checking for python3.0
configure:7740: result: no
configure:7907: checking for perl
configure:7923: found /usr/bin/perl
configure:7934: result: perl
configure:7952: checking for Perl5 header files
configure:7961: result: /usr/lib/perl/5.14/CORE
configure:7973: checking for Perl5 library
configure:7980: result: perl
configure:7983: checking for Perl5 ccflags
configure:7990: result: -D_REENTRANT -D_GNU_SOURCE -DDEBIAN -fno-strict-aliasing -pipe -fstack-protector -isystem /usr/local/include -D_LARGEFILE_SOURCE -D_FILE_OFFSET_BITS=64
configure:7993: checking for Perl5 ccdlflags
configure:8000: result: -Wl,-E
configure:8003: checking for Perl5 cccdlflags
configure:8010: result: -fPIC
configure:8013: checking for Perl5 ldflags
configure:8020: result:  -fstack-protector -L/usr/local/lib
configure:8077: checking for octave
configure:8107: result: no
configure:8158: result: could not figure out how to run octave
configure:8201: checking for java
configure:8217: found /usr/bin/java
configure:8228: result: java
configure:8248: checking for javac
configure:8264: found /usr/bin/javac
configure:8275: result: javac
configure:8290: checking for java include file jni.h
configure:8315: result: /usr/lib/jvm/java-1.6.0-openjdk-i386/include
configure:8328: checking for java include file jni_md.h
configure:8337: result: /usr/lib/jvm/java-1.6.0-openjdk-i386/include/linux
configure:8424: checking for gcj
configure:8454: result: no
configure:8471: checking for gcjh
configure:8501: result: no
configure:8565: checking for android
configure:8595: result: no
configure:8612: checking for adb
configure:8642: result: no
configure:8659: checking for ant
configure:8675: found /usr/bin/ant
configure:8686: result: ant
configure:8706: checking for ndk-build
configure:8736: result: no
configure:8802: checking for guile-config
configure:8835: result: no
configure:8962: checking for mzscheme
configure:8995: result: no
configure:9007: checking for mzc
configure:9040: result: no
configure:9098: checking for ruby
configure:9128: result: no
configure:9140: checking for Ruby header files
configure:9236: result: could not figure out how to run ruby
configure:9282: checking for php5
configure:9298: found /usr/bin/php5
configure:9309: result: php5
configure:9324: checking for PHP header files
configure:9337: result: -I/usr/include/php5 -I/usr/include/php5/main -I/usr/include/php5/TSRM -I/usr/include/php5/Zend -I/usr/include/php5/ext -I/usr/include/php5/ext/date/lib -D_LARGEFILE_SOURCE -D_FILE_OFFSET_BITS=64
configure:9404: checking for Ocaml DL load generator
configure:9411: checking for ocamldlgen
configure:9441: result: no
configure:9452: checking for Ocaml package tool
configure:9459: checking for ocamlfind
configure:9489: result: no
configure:9500: checking for Ocaml compiler
configure:9507: checking for ocamlc
configure:9537: result: no
configure:9548: checking for Ocaml interpreter
configure:9555: checking for ocaml
configure:9582: result: yes
configure:9596: checking for Ocaml toplevel creator
configure:9603: checking for ocamlmktop
configure:9633: result: no
configure:9746: checking for pike
configure:9776: result: no
configure:9746: checking for pike7.8
configure:9776: result: no
configure:9746: checking for pike7.6
configure:9776: result: no
configure:9746: checking for pike7.4
configure:9776: result: no
configure:9746: checking for pike7.2
configure:9776: result: no
configure:9915: checking for chicken
configure:9945: result: no
configure:9971: checking for csc
configure:10001: result: no
configure:10038: checking for csi
configure:10068: result: no
configure:10304: checking for mono-csc
configure:10334: result: no
configure:10304: checking for gmcs
configure:10334: result: no
configure:10304: checking for mcs
configure:10334: result: no
configure:10304: checking for cscc
configure:10334: result: no
configure:10566: checking for lua5.2
configure:10599: result: no
configure:10566: checking for lua5.1
configure:10599: result: no
configure:10566: checking for lua
configure:10599: result: no
configure:10679: checking lua.h usability
configure:10679: gcc -c -g -O2 -Wall -W -ansi -pedantic   conftest.c >&5
conftest.c:61:17: fatal error: lua.h: No such file or directory
compilation terminated.
configure:10679: $? = 1
configure: failed program was:
| /* confdefs.h */
| #define PACKAGE_NAME "swig"
| #define PACKAGE_TARNAME "swig"
| #define PACKAGE_VERSION "2.0.10"
| #define PACKAGE_STRING "swig 2.0.10"
| #define PACKAGE_BUGREPORT "http://www.swig.org"
| #define PACKAGE_URL ""
| #define PACKAGE "swig"
| #define VERSION "2.0.10"
| #define SWIG_CXX "g++"
| #define SWIG_PLATFORM "i686-pc-linux-gnu"
| #define STDC_HEADERS 1
| #define HAVE_SYS_TYPES_H 1
| #define HAVE_SYS_STAT_H 1
| #define HAVE_STDLIB_H 1
| #define HAVE_STRING_H 1
| #define HAVE_MEMORY_H 1
| #define HAVE_STRINGS_H 1
| #define HAVE_INTTYPES_H 1
| #define HAVE_STDINT_H 1
| #define HAVE_UNISTD_H 1
| #define HAVE_BOOL 1
| #define HAVE_POPEN 1
| #define HAVE_PCRE 1
| #define HAVE_BOOST /**/
| #define HAVE_LIBDL 1
| /* end confdefs.h.  */
| #include <stdio.h>
| #ifdef HAVE_SYS_TYPES_H
| # include <sys/types.h>
| #endif
| #ifdef HAVE_SYS_STAT_H
| # include <sys/stat.h>
| #endif
| #ifdef STDC_HEADERS
| # include <stdlib.h>
| # include <stddef.h>
| #else
| # ifdef HAVE_STDLIB_H
| #  include <stdlib.h>
| # endif
| #endif
| #ifdef HAVE_STRING_H
| # if !defined STDC_HEADERS && defined HAVE_MEMORY_H
| #  include <memory.h>
| # endif
| # include <string.h>
| #endif
| #ifdef HAVE_STRINGS_H
| # include <strings.h>
| #endif
| #ifdef HAVE_INTTYPES_H
| # include <inttypes.h>
| #endif
| #ifdef HAVE_STDINT_H
| # include <stdint.h>
| #endif
| #ifdef HAVE_UNISTD_H
| # include <unistd.h>
| #endif
| #include <lua.h>
configure:10679: result: no
configure:10679: checking lua.h presence
configure:10679: gcc -E   conftest.c
conftest.c:28:17: fatal error: lua.h: No such file or directory
compilation terminated.
configure:10679: $? = 1
configure: failed program was:
| /* confdefs.h */
| #define PACKAGE_NAME "swig"
| #define PACKAGE_TARNAME "swig"
| #define PACKAGE_VERSION "2.0.10"
| #define PACKAGE_STRING "swig 2.0.10"
| #define PACKAGE_BUGREPORT "http://www.swig.org"
| #define PACKAGE_URL ""
| #define PACKAGE "swig"
| #define VERSION "2.0.10"
| #define SWIG_CXX "g++"
| #define SWIG_PLATFORM "i686-pc-linux-gnu"
| #define STDC_HEADERS 1
| #define HAVE_SYS_TYPES_H 1
| #define HAVE_SYS_STAT_H 1
| #define HAVE_STDLIB_H 1
| #define HAVE_STRING_H 1
| #define HAVE_MEMORY_H 1
| #define HAVE_STRINGS_H 1
| #define HAVE_INTTYPES_H 1
| #define HAVE_STDINT_H 1
| #define HAVE_UNISTD_H 1
| #define HAVE_BOOL 1
| #define HAVE_POPEN 1
| #define HAVE_PCRE 1
| #define HAVE_BOOST /**/
| #define HAVE_LIBDL 1
| /* end confdefs.h.  */
| #include <lua.h>
configure:10679: result: no
configure:10679: checking for lua.h
configure:10679: result: no
configure:10689: checking for lua.h in other locations
configure:10706: result: not found
configure:10742: checking for library containing lua_close
configure:10773: gcc -o conftest -g -O2 -Wall -W -ansi -pedantic    conftest.c -ldl  -L/usr/lib/i386-linux-gnu -lpcre >&5
/tmp/cckkiDAo.o: In function `main':
/home/chhama/Dropbox/mtp/o-ns-allinone-2.35.1/ns-2.35/swig-2.0.10/conftest.c:39: undefined reference to `lua_close'
collect2: ld returned 1 exit status
configure:10773: $? = 1
configure: failed program was:
| /* confdefs.h */
| #define PACKAGE_NAME "swig"
| #define PACKAGE_TARNAME "swig"
| #define PACKAGE_VERSION "2.0.10"
| #define PACKAGE_STRING "swig 2.0.10"
| #define PACKAGE_BUGREPORT "http://www.swig.org"
| #define PACKAGE_URL ""
| #define PACKAGE "swig"
| #define VERSION "2.0.10"
| #define SWIG_CXX "g++"
| #define SWIG_PLATFORM "i686-pc-linux-gnu"
| #define STDC_HEADERS 1
| #define HAVE_SYS_TYPES_H 1
| #define HAVE_SYS_STAT_H 1
| #define HAVE_STDLIB_H 1
| #define HAVE_STRING_H 1
| #define HAVE_MEMORY_H 1
| #define HAVE_STRINGS_H 1
| #define HAVE_INTTYPES_H 1
| #define HAVE_STDINT_H 1
| #define HAVE_UNISTD_H 1
| #define HAVE_BOOL 1
| #define HAVE_POPEN 1
| #define HAVE_PCRE 1
| #define HAVE_BOOST /**/
| #define HAVE_LIBDL 1
| /* end confdefs.h.  */
| 
| /* Override any GCC internal prototype to avoid an error.
|    Use char because int might match the return type of a GCC
|    builtin and then its argument prototype would still apply.  */
| #ifdef __cplusplus
| extern "C"
| #endif
| char lua_close ();
| int
| main ()
| {
| return lua_close ();
|   ;
|   return 0;
| }
configure:10773: gcc -o conftest -g -O2 -Wall -W -ansi -pedantic    conftest.c -llua  -ldl  -L/usr/lib/i386-linux-gnu -lpcre >&5
/usr/bin/ld: cannot find -llua
collect2: ld returned 1 exit status
configure:10773: $? = 1
configure: failed program was:
| /* confdefs.h */
| #define PACKAGE_NAME "swig"
| #define PACKAGE_TARNAME "swig"
| #define PACKAGE_VERSION "2.0.10"
| #define PACKAGE_STRING "swig 2.0.10"
| #define PACKAGE_BUGREPORT "http://www.swig.org"
| #define PACKAGE_URL ""
| #define PACKAGE "swig"
| #define VERSION "2.0.10"
| #define SWIG_CXX "g++"
| #define SWIG_PLATFORM "i686-pc-linux-gnu"
| #define STDC_HEADERS 1
| #define HAVE_SYS_TYPES_H 1
| #define HAVE_SYS_STAT_H 1
| #define HAVE_STDLIB_H 1
| #define HAVE_STRING_H 1
| #define HAVE_MEMORY_H 1
| #define HAVE_STRINGS_H 1
| #define HAVE_INTTYPES_H 1
| #define HAVE_STDINT_H 1
| #define HAVE_UNISTD_H 1
| #define HAVE_BOOL 1
| #define HAVE_POPEN 1
| #define HAVE_PCRE 1
| #define HAVE_BOOST /**/
| #define HAVE_LIBDL 1
| /* end confdefs.h.  */
| 
| /* Override any GCC internal prototype to avoid an error.
|    Use char because int might match the return type of a GCC
|    builtin and then its argument prototype would still apply.  */
| #ifdef __cplusplus
| extern "C"
| #endif
| char lua_close ();
| int
| main ()
| {
| return lua_close ();
|   ;
|   return 0;
| }
configure:10773: gcc -o conftest -g -O2 -Wall -W -ansi -pedantic    conftest.c -llua5.2  -ldl  -L/usr/lib/i386-linux-gnu -lpcre >&5
/usr/bin/ld: cannot find -llua5.2
collect2: ld returned 1 exit status
configure:10773: $? = 1
configure: failed program was:
| /* confdefs.h */
| #define PACKAGE_NAME "swig"
| #define PACKAGE_TARNAME "swig"
| #define PACKAGE_VERSION "2.0.10"
| #define PACKAGE_STRING "swig 2.0.10"
| #define PACKAGE_BUGREPORT "http://www.swig.org"
| #define PACKAGE_URL ""
| #define PACKAGE "swig"
| #define VERSION "2.0.10"
| #define SWIG_CXX "g++"
| #define SWIG_PLATFORM "i686-pc-linux-gnu"
| #define STDC_HEADERS 1
| #define HAVE_SYS_TYPES_H 1
| #define HAVE_SYS_STAT_H 1
| #define HAVE_STDLIB_H 1
| #define HAVE_STRING_H 1
| #define HAVE_MEMORY_H 1
| #define HAVE_STRINGS_H 1
| #define HAVE_INTTYPES_H 1
| #define HAVE_STDINT_H 1
| #define HAVE_UNISTD_H 1
| #define HAVE_BOOL 1
| #define HAVE_POPEN 1
| #define HAVE_PCRE 1
| #define HAVE_BOOST /**/
| #define HAVE_LIBDL 1
| /* end confdefs.h.  */
| 
| /* Override any GCC internal prototype to avoid an error.
|    Use char because int might match the return type of a GCC
|    builtin and then its argument prototype would still apply.  */
| #ifdef __cplusplus
| extern "C"
| #endif
| char lua_close ();
| int
| main ()
| {
| return lua_close ();
|   ;
|   return 0;
| }
configure:10773: gcc -o conftest -g -O2 -Wall -W -ansi -pedantic    conftest.c -llua5.1  -ldl  -L/usr/lib/i386-linux-gnu -lpcre >&5
/usr/bin/ld: cannot find -llua5.1
collect2: ld returned 1 exit status
configure:10773: $? = 1
configure: failed program was:
| /* confdefs.h */
| #define PACKAGE_NAME "swig"
| #define PACKAGE_TARNAME "swig"
| #define PACKAGE_VERSION "2.0.10"
| #define PACKAGE_STRING "swig 2.0.10"
| #define PACKAGE_BUGREPORT "http://www.swig.org"
| #define PACKAGE_URL ""
| #define PACKAGE "swig"
| #define VERSION "2.0.10"
| #define SWIG_CXX "g++"
| #define SWIG_PLATFORM "i686-pc-linux-gnu"
| #define STDC_HEADERS 1
| #define HAVE_SYS_TYPES_H 1
| #define HAVE_SYS_STAT_H 1
| #define HAVE_STDLIB_H 1
| #define HAVE_STRING_H 1
| #define HAVE_MEMORY_H 1
| #define HAVE_STRINGS_H 1
| #define HAVE_INTTYPES_H 1
| #define HAVE_STDINT_H 1
| #define HAVE_UNISTD_H 1
| #define HAVE_BOOL 1
| #define HAVE_POPEN 1
| #define HAVE_PCRE 1
| #define HAVE_BOOST /**/
| #define HAVE_LIBDL 1
| /* end confdefs.h.  */
| 
| /* Override any GCC internal prototype to avoid an error.
|    Use char because int might match the return type of a GCC
|    builtin and then its argument prototype would still apply.  */
| #ifdef __cplusplus
| extern "C"
| #endif
| char lua_close ();
| int
| main ()
| {
| return lua_close ();
|   ;
|   return 0;
| }
configure:10773: gcc -o conftest -g -O2 -Wall -W -ansi -pedantic    conftest.c -llua51  -ldl  -L/usr/lib/i386-linux-gnu -lpcre >&5
/usr/bin/ld: cannot find -llua51
collect2: ld returned 1 exit status
configure:10773: $? = 1
configure: failed program was:
| /* confdefs.h */
| #define PACKAGE_NAME "swig"
| #define PACKAGE_TARNAME "swig"
| #define PACKAGE_VERSION "2.0.10"
| #define PACKAGE_STRING "swig 2.0.10"
| #define PACKAGE_BUGREPORT "http://www.swig.org"
| #define PACKAGE_URL ""
| #define PACKAGE "swig"
| #define VERSION "2.0.10"
| #define SWIG_CXX "g++"
| #define SWIG_PLATFORM "i686-pc-linux-gnu"
| #define STDC_HEADERS 1
| #define HAVE_SYS_TYPES_H 1
| #define HAVE_SYS_STAT_H 1
| #define HAVE_STDLIB_H 1
| #define HAVE_STRING_H 1
| #define HAVE_MEMORY_H 1
| #define HAVE_STRINGS_H 1
| #define HAVE_INTTYPES_H 1
| #define HAVE_STDINT_H 1
| #define HAVE_UNISTD_H 1
| #define HAVE_BOOL 1
| #define HAVE_POPEN 1
| #define HAVE_PCRE 1
| #define HAVE_BOOST /**/
| #define HAVE_LIBDL 1
| /* end confdefs.h.  */
| 
| /* Override any GCC internal prototype to avoid an error.
|    Use char because int might match the return type of a GCC
|    builtin and then its argument prototype would still apply.  */
| #ifdef __cplusplus
| extern "C"
| #endif
| char lua_close ();
| int
| main ()
| {
| return lua_close ();
|   ;
|   return 0;
| }
configure:10773: gcc -o conftest -g -O2 -Wall -W -ansi -pedantic    conftest.c -llua5.0  -ldl  -L/usr/lib/i386-linux-gnu -lpcre >&5
/usr/bin/ld: cannot find -llua5.0
collect2: ld returned 1 exit status
configure:10773: $? = 1
configure: failed program was:
| /* confdefs.h */
| #define PACKAGE_NAME "swig"
| #define PACKAGE_TARNAME "swig"
| #define PACKAGE_VERSION "2.0.10"
| #define PACKAGE_STRING "swig 2.0.10"
| #define PACKAGE_BUGREPORT "http://www.swig.org"
| #define PACKAGE_URL ""
| #define PACKAGE "swig"
| #define VERSION "2.0.10"
| #define SWIG_CXX "g++"
| #define SWIG_PLATFORM "i686-pc-linux-gnu"
| #define STDC_HEADERS 1
| #define HAVE_SYS_TYPES_H 1
| #define HAVE_SYS_STAT_H 1
| #define HAVE_STDLIB_H 1
| #define HAVE_STRING_H 1
| #define HAVE_MEMORY_H 1
| #define HAVE_STRINGS_H 1
| #define HAVE_INTTYPES_H 1
| #define HAVE_STDINT_H 1
| #define HAVE_UNISTD_H 1
| #define HAVE_BOOL 1
| #define HAVE_POPEN 1
| #define HAVE_PCRE 1
| #define HAVE_BOOST /**/
| #define HAVE_LIBDL 1
| /* end confdefs.h.  */
| 
| /* Override any GCC internal prototype to avoid an error.
|    Use char because int might match the return type of a GCC
|    builtin and then its argument prototype would still apply.  */
| #ifdef __cplusplus
| extern "C"
| #endif
| char lua_close ();
| int
| main ()
| {
| return lua_close ();
|   ;
|   return 0;
| }
configure:10773: gcc -o conftest -g -O2 -Wall -W -ansi -pedantic    conftest.c -llua50  -ldl  -L/usr/lib/i386-linux-gnu -lpcre >&5
/usr/bin/ld: cannot find -llua50
collect2: ld returned 1 exit status
configure:10773: $? = 1
configure: failed program was:
| /* confdefs.h */
| #define PACKAGE_NAME "swig"
| #define PACKAGE_TARNAME "swig"
| #define PACKAGE_VERSION "2.0.10"
| #define PACKAGE_STRING "swig 2.0.10"
| #define PACKAGE_BUGREPORT "http://www.swig.org"
| #define PACKAGE_URL ""
| #define PACKAGE "swig"
| #define VERSION "2.0.10"
| #define SWIG_CXX "g++"
| #define SWIG_PLATFORM "i686-pc-linux-gnu"
| #define STDC_HEADERS 1
| #define HAVE_SYS_TYPES_H 1
| #define HAVE_SYS_STAT_H 1
| #define HAVE_STDLIB_H 1
| #define HAVE_STRING_H 1
| #define HAVE_MEMORY_H 1
| #define HAVE_STRINGS_H 1
| #define HAVE_INTTYPES_H 1
| #define HAVE_STDINT_H 1
| #define HAVE_UNISTD_H 1
| #define HAVE_BOOL 1
| #define HAVE_POPEN 1
| #define HAVE_PCRE 1
| #define HAVE_BOOST /**/
| #define HAVE_LIBDL 1
| /* end confdefs.h.  */
| 
| /* Override any GCC internal prototype to avoid an error.
|    Use char because int might match the return type of a GCC
|    builtin and then its argument prototype would still apply.  */
| #ifdef __cplusplus
| extern "C"
| #endif
| char lua_close ();
| int
| main ()
| {
| return lua_close ();
|   ;
|   return 0;
| }
configure:10790: result: no
configure:10842: checking for alisp
configure:10875: result: no
configure:10911: checking for clisp
configure:10944: result: no
configure:10980: checking for R
configure:11013: result: no
configure:11052: checking for go
configure:11082: result: no
configure:11052: checking for 6g
configure:11082: result: no
configure:11052: checking for 8g
configure:11082: result: no
configure:11052: checking for gccgo
configure:11082: result: no
configure:11240: checking for dmd
configure:11270: result: no
configure:11240: checking for ldmd
configure:11270: result: no
configure:11240: checking for gdmd
configure:11270: result: no
configure:11325: checking for dmd
configure:11355: result: no
configure:11325: checking for gdmd
configure:11355: result: no
configure:11807: creating ./config.status

## ---------------------- ##
## Running config.status. ##
## ---------------------- ##

This file was extended by swig config.status 2.0.10, which was
generated by GNU Autoconf 2.68.  Invocation command line was

  CONFIG_FILES    = 
  CONFIG_HEADERS  = 
  CONFIG_LINKS    = 
  CONFIG_COMMANDS = 
  $ ./config.status 

on MSec

config.status:1083: creating Makefile
config.status:1083: creating swig.spec
config.status:1083: creating Source/Makefile
config.status:1083: creating Examples/Makefile
config.status:1083: creating Examples/xml/Makefile
config.status:1083: creating Examples/test-suite/chicken/Makefile
config.status:1083: creating Examples/test-suite/csharp/Makefile
config.status:1083: creating Examples/test-suite/d/Makefile
config.status:1083: creating Examples/test-suite/guile/Makefile
config.status:1083: creating Examples/test-suite/java/Makefile
config.status:1083: creating Examples/test-suite/mzscheme/Makefile
config.status:1083: creating Examples/test-suite/ocaml/Makefile
config.status:1083: creating Examples/test-suite/octave/Makefile
config.status:1083: creating Examples/test-suite/perl5/Makefile
config.status:1083: creating Examples/test-suite/php/Makefile
config.status:1083: creating Examples/test-suite/pike/Makefile
config.status:1083: creating Examples/test-suite/python/Makefile
config.status:1083: creating Examples/test-suite/ruby/Makefile
config.status:1083: creating Examples/test-suite/tcl/Makefile
config.status:1083: creating Examples/test-suite/lua/Makefile
config.status:1083: creating Examples/test-suite/allegrocl/Makefile
config.status:1083: creating Examples/test-suite/clisp/Makefile
config.status:1083: creating Examples/test-suite/cffi/Makefile
config.status:1083: creating Examples/test-suite/uffi/Makefile
config.status:1083: creating Examples/test-suite/r/Makefile
config.status:1083: creating Examples/test-suite/go/Makefile
config.status:1083: creating Lib/ocaml/swigp4.ml
config.status:1083: creating preinst-swig
config.status:1083: creating CCache/ccache_swig_config.h
config.status:1083: creating Source/Include/swigconfig.h
config.status:1312: executing depfiles commands
configure:13232: === configuring in CCache (/home/chhama/Dropbox/mtp/o-ns-allinone-2.35.1/ns-2.35/swig-2.0.10/CCache)
configure:13295: running /bin/bash ./configure --disable-option-checking '--prefix=/usr/local'  --cache-file=/dev/null --srcdir=.

## ---------------- ##
## Cache variables. ##
## ---------------- ##

ac_cv_build=i686-pc-linux-gnu
ac_cv_c_compiler_gnu=yes
ac_cv_cxx_compiler_gnu=yes
ac_cv_env_CCC_set=
ac_cv_env_CCC_value=
ac_cv_env_CC_set=
ac_cv_env_CC_value=
ac_cv_env_CFLAGS_set=
ac_cv_env_CFLAGS_value=
ac_cv_env_CPPFLAGS_set=
ac_cv_env_CPPFLAGS_value=
ac_cv_env_CPP_set=
ac_cv_env_CPP_value=
ac_cv_env_CXXFLAGS_set=
ac_cv_env_CXXFLAGS_value=
ac_cv_env_CXX_set=
ac_cv_env_CXX_value=
ac_cv_env_LDFLAGS_set=
ac_cv_env_LDFLAGS_value=
ac_cv_env_LIBS_set=
ac_cv_env_LIBS_value=
ac_cv_env_PCRE_CFLAGS_set=
ac_cv_env_PCRE_CFLAGS_value=
ac_cv_env_PCRE_CONFIG_set=
ac_cv_env_PCRE_CONFIG_value=
ac_cv_env_PCRE_LIBS_set=
ac_cv_env_PCRE_LIBS_value=
ac_cv_env_XMKMF_set=
ac_cv_env_XMKMF_value=
ac_cv_env_YACC_set=
ac_cv_env_YACC_value=
ac_cv_env_YFLAGS_set=
ac_cv_env_YFLAGS_value=
ac_cv_env_build_alias_set=
ac_cv_env_build_alias_value=
ac_cv_env_host_alias_set=
ac_cv_env_host_alias_value=
ac_cv_env_target_alias_set=
ac_cv_env_target_alias_value=
ac_cv_func_popen=yes
ac_cv_have_x='have_x=yes	ac_x_includes='\'''\''	ac_x_libraries='\'''\'''
ac_cv_header_inttypes_h=yes
ac_cv_header_lua_h=no
ac_cv_header_memory_h=yes
ac_cv_header_stdc=yes
ac_cv_header_stdint_h=yes
ac_cv_header_stdlib_h=yes
ac_cv_header_string_h=yes
ac_cv_header_strings_h=yes
ac_cv_header_sys_stat_h=yes
ac_cv_header_sys_types_h=yes
ac_cv_header_unistd_h=yes
ac_cv_host=i686-pc-linux-gnu
ac_cv_lib_crypt_crypt=yes
ac_cv_lib_dl_dlopen=yes
ac_cv_lib_dld_shl_load=no
ac_cv_lib_ieee_main=yes
ac_cv_lib_swill_swill_init=no
ac_cv_objext=o
ac_cv_path_EGREP='/bin/grep -E'
ac_cv_path_GREP=/bin/grep
ac_cv_path_PCRE_CONFIG=/usr/bin/pcre-config
ac_cv_path_SED=/bin/sed
ac_cv_path_install='/usr/bin/install -c'
ac_cv_path_mkdir=/bin/mkdir
ac_cv_prog_ANT=ant
ac_cv_prog_AR=ar
ac_cv_prog_AWK=mawk
ac_cv_prog_CPP='gcc -E'
ac_cv_prog_JAVA=java
ac_cv_prog_JAVAC=javac
ac_cv_prog_OCAMLBIN=yes
ac_cv_prog_PERL=perl
ac_cv_prog_PHP=php5
ac_cv_prog_PYTHON=python
ac_cv_prog_YACC='bison -y'
ac_cv_prog_ac_ct_CC=gcc
ac_cv_prog_ac_ct_CXX=g++
ac_cv_prog_ac_ct_RANLIB=ranlib
ac_cv_prog_cc_c89=
ac_cv_prog_cc_g=yes
ac_cv_prog_cc_gcc_c_o=yes
ac_cv_prog_cxx_g=yes
ac_cv_prog_make_make_set=yes
ac_cv_search_gethostbyname='none required'
ac_cv_search_lua_close=no
ac_cv_search_socket='none required'
ac_cv_search_t_open=no
ac_cv_type_bool=yes
am_cv_CC_dependencies_compiler_type=gcc3
am_cv_CXX_dependencies_compiler_type=gcc3

## ----------------- ##
## Output variables. ##
## ----------------- ##

ACLOCAL='${SHELL} /home/chhama/Dropbox/mtp/o-ns-allinone-2.35.1/ns-2.35/swig-2.0.10/Tools/config/missing --run aclocal-1.11'
ADB=''
ALLEGROCLBIN=''
AMDEPBACKSLASH='\'
AMDEP_FALSE='#'
AMDEP_TRUE=''
AMTAR='$${TAR-tar}'
ANDROID=''
ANT='ant'
AR='ar'
AUTOCONF='${SHELL} /home/chhama/Dropbox/mtp/o-ns-allinone-2.35.1/ns-2.35/swig-2.0.10/Tools/config/missing --run autoconf'
AUTOHEADER='${SHELL} /home/chhama/Dropbox/mtp/o-ns-allinone-2.35.1/ns-2.35/swig-2.0.10/Tools/config/missing --run autoheader'
AUTOMAKE='${SHELL} /home/chhama/Dropbox/mtp/o-ns-allinone-2.35.1/ns-2.35/swig-2.0.10/Tools/config/missing --run automake-1.11'
AWK='mawk'
BOOST_CPPFLAGS='-I/usr/include'
BOOST_LDFLAGS='-L/usr/lib'
CC='gcc'
CCDEPMODE='depmode=gcc3'
CCSHARED='-fpic'
CFLAGS='-g -O2 -Wall -W -ansi -pedantic'
CHICKEN=''
CHICKENLIB=''
CHICKENOPTS=''
CHICKENSHAREDLIB=''
CHICKEN_CSC=''
CHICKEN_CSI=''
CLISPBIN=''
CPP='gcc -E'
CPPFLAGS=' '
CSHARPCFLAGS=''
CSHARPCILINTERPRETER=''
CSHARPCILINTERPRETER_FLAGS=''
CSHARPCOMPILER=''
CSHARPCYGPATH_W='echo'
CSHARPDYNAMICLINKING=''
CSHARPLIBRARYPREFIX='lib'
CSHARPPATHSEPARATOR='/'
CSHARPSO='.so'
CXX='g++'
CXXDEPMODE='depmode=gcc3'
CXXFLAGS='-g -O2 -Wall -W -ansi -pedantic'
CXXSHARED='gcc -shared'
CYGPATH_W='echo'
D1COMPILER=''
D2COMPILER=''
DDEFAULTVERSION=''
DEFS='-DHAVE_CONFIG_H'
DEPDIR='.deps'
DLIBPREFIX='lib'
ECHO_C=''
ECHO_N='-n'
ECHO_T=''
EGREP='/bin/grep -E'
ENABLE_CCACHE='1'
EXEEXT=''
EXTRA_CLEAN=''
GCJ=''
GCJH=''
GO1='false'
GO=''
GOC=''
GOGCC='false'
GOOPT=''
GOVERSIONOPTION=''
GREP='/bin/grep'
GUILE='yes'
GUILE_CFLAGS=''
GUILE_CONFIG=''
GUILE_LIBS=''
GUILE_SO='.so'
INSTALL_DATA='${INSTALL} -m 644'
INSTALL_PROGRAM='${INSTALL}'
INSTALL_SCRIPT='${INSTALL}'
INSTALL_STRIP_PROGRAM='$(install_sh) -c -s'
JAVA='java'
JAVAC='javac'
JAVACFLAGS=''
JAVACXXSHARED='$(CXXSHARED)'
JAVADYNAMICLINKING=''
JAVAINC='-I"/usr/lib/jvm/java-1.6.0-openjdk-i386/include" -I"/usr/lib/jvm/java-1.6.0-openjdk-i386/include/linux"'
JAVALDSHARED='$(LDSHARED)'
JAVALIBRARYPREFIX='lib'
JAVASO='.so'
LDFLAGS=''
LDSHARED='gcc -shared'
LIBC=''
LIBCRYPT='-lcrypt'
LIBM='-lieee -lm'
LIBOBJS=''
LIBS='-ldl  -L/usr/lib/i386-linux-gnu -lpcre'
LINKFORSHARED='-Xlinker -export-dynamic'
LTLIBOBJS=''
LUABIN=''
LUADYNAMICLINKING=''
LUAFLAGS=''
LUALINK=' -llualib'
LUA_SO='.so'
MAKEINFO='${SHELL} /home/chhama/Dropbox/mtp/o-ns-allinone-2.35.1/ns-2.35/swig-2.0.10/Tools/config/missing --run makeinfo'
MKDIR_P='/bin/mkdir -p'
MZC=''
MZDYNOBJ=''
MZSCHEME=''
MZSCHEME_SO='.so'
NDKBUILD=''
OBJEXT='o'
OCAMLBIN='yes'
OCAMLC=':'
OCAMLDLGEN=':'
OCAMLFIND=':'
OCAMLINC=''
OCAMLLOC='loc'
OCAMLMKTOP=':'
OCAMLVER=''
OCTAVE=''
OCTAVE_CPPFLAGS=''
OCTAVE_CXXFLAGS=''
OCTAVE_LDFLAGS=''
OCTAVE_SO='.oct'
PACKAGE='swig'
PACKAGE_BUGREPORT='http://www.swig.org'
PACKAGE_NAME='swig'
PACKAGE_STRING='swig 2.0.10'
PACKAGE_TARNAME='swig'
PACKAGE_URL=''
PACKAGE_VERSION='2.0.10'
PATH_SEPARATOR=':'
PCRE_CFLAGS=''
PCRE_CONFIG='/usr/bin/pcre-config'
PCRE_LIBS='-L/usr/lib/i386-linux-gnu -lpcre'
PERL5CCCDLFLAGS='-fPIC'
PERL5CCDLFLAGS='-Wl,-E'
PERL5CCFLAGS='-D_REENTRANT -D_GNU_SOURCE -DDEBIAN -fno-strict-aliasing -pipe -fstack-protector -isystem /usr/local/include -D_LARGEFILE_SOURCE -D_FILE_OFFSET_BITS=64'
PERL5DYNAMICLINKING=''
PERL5EXT='/usr/lib/perl/5.14/CORE'
PERL5LDFLAGS=' -fstack-protector -L/usr/local/lib'
PERL5LIB='perl'
PERL='perl'
PHP='php5'
PHPINC='-I/usr/include/php5 -I/usr/include/php5/main -I/usr/include/php5/TSRM -I/usr/include/php5/Zend -I/usr/include/php5/ext -I/usr/include/php5/ext/date/lib -D_LARGEFILE_SOURCE -D_FILE_OFFSET_BITS=64'
PHP_SO='.so'
PIKE=''
PIKECCDLFLAGS=''
PIKECONFIG=''
PIKEDYNAMICLINKING=''
PIKEINCLUDE=''
PLATFLAGS=''
PY3CONFIG=''
PY3INCLUDE=''
PY3LIB=''
PY3LINK=''
PYINCLUDE='-I/usr/include/python2.7 -I/usr/lib/python2.7/config'
PYLIB='/usr/lib/python2.7/config'
PYLINK='-lpython2.7'
PYTHON3=''
PYTHON3DYNAMICLINKING=''
PYTHON='python'
PYTHONDYNAMICLINKING=''
PYTHON_SO='.so'
RANLIB='ranlib'
RBIN=''
ROOT_DIR='/home/chhama/Dropbox/mtp/o-ns-allinone-2.35.1/ns-2.35/swig-2.0.10'
RPATH='-Xlinker -rpath $(exec_prefix)/lib -Xlinker -rpath .'
RUBY=''
RUBYCCDLFLAGS=''
RUBYDYNAMICLINKING=''
RUBYINCLUDE='-I/usr/local/lib/ruby/1.4/arch'
RUBYLIB='/usr/local/lib/ruby/1.4/arch'
RUBYLINK='-lruby -lm'
SED='/bin/sed'
SET_MAKE=''
SHELL='/bin/bash'
SKIP_ALLEGROCL='1'
SKIP_ANDROID='1'
SKIP_CFFI='1'
SKIP_CHICKEN='1'
SKIP_CLISP='1'
SKIP_CSHARP='1'
SKIP_D='1'
SKIP_GCJ='1'
SKIP_GO='1'
SKIP_GUILE='1'
SKIP_JAVA=''
SKIP_LUA='1'
SKIP_MODULA3='1'
SKIP_MZSCHEME='1'
SKIP_OCAML='1'
SKIP_OCTAVE='1'
SKIP_PERL5=''
SKIP_PHP=''
SKIP_PIKE='1'
SKIP_PYTHON3='1'
SKIP_PYTHON=''
SKIP_R='1'
SKIP_RUBY='1'
SKIP_TCL=''
SKIP_UFFI='1'
SO='.so'
STRIP=''
SWIGLIBS=''
SWIG_LIB='/usr/local/share/swig/2.0.10'
SWILL=''
TCLCXXSHARED='$(CXXSHARED)'
TCLDYNAMICLINKING=''
TCLINCLUDE='-isystem /usr/local/include'
TCLLDSHARED='$(LDSHARED)'
TCLLIB='-L/usr/local/lib -ltcl8.6'
TCL_SO='.so'
TRYLINKINGWITHCXX='CXXSHARED= g++ -shared '
VERSION='2.0.10'
XINCLUDES='# no special path needed'
XLIBSW='-lX11'
XMKMF=''
YACC='bison -y'
YFLAGS=''
YODL2HTML=''
YODL2MAN=''
ac_aux_dir='Tools/config'
ac_ct_CC='gcc'
ac_ct_CXX='g++'
am__EXEEXT_FALSE=''
am__EXEEXT_TRUE='#'
am__fastdepCC_FALSE='#'
am__fastdepCC_TRUE=''
am__fastdepCXX_FALSE='#'
am__fastdepCXX_TRUE=''
am__include='include'
am__isrc=''
am__leading_dot='.'
am__nodep='_no'
am__quote=''
am__tar='$${TAR-tar} chof - "$$tardir"'
am__untar='$${TAR-tar} xf -'
bindir='${exec_prefix}/bin'
build='i686-pc-linux-gnu'
build_alias=''
build_cpu='i686'
build_os='linux-gnu'
build_vendor='pc'
datadir='${datarootdir}'
datarootdir='${prefix}/share'
docdir='${datarootdir}/doc/${PACKAGE_TARNAME}'
dvidir='${docdir}'
exec_prefix='${prefix}'
host='i686-pc-linux-gnu'
host_alias=''
host_cpu='i686'
host_os='linux-gnu'
host_vendor='pc'
htmldir='${docdir}'
includedir='${prefix}/include'
infodir='${datarootdir}/info'
install_sh='${SHELL} /home/chhama/Dropbox/mtp/o-ns-allinone-2.35.1/ns-2.35/swig-2.0.10/Tools/config/install-sh'
libdir='${exec_prefix}/lib'
libexecdir='${exec_prefix}/libexec'
localedir='${datarootdir}/locale'
localstatedir='${prefix}/var'
mandir='${datarootdir}/man'
mkdir_p='/bin/mkdir -p'
oldincludedir='/usr/include'
pdfdir='${docdir}'
prefix='/usr/local'
program_transform_name='s,x,x,'
psdir='${docdir}'
sbindir='${exec_prefix}/sbin'
sharedstatedir='${prefix}/com'
subdirs=' CCache'
swig_lib='${datarootdir}/swig/2.0.10'
sysconfdir='${prefix}/etc'
target_alias=''

## ----------- ##
## confdefs.h. ##
## ----------- ##

/* confdefs.h */
#define PACKAGE_NAME "swig"
#define PACKAGE_TARNAME "swig"
#define PACKAGE_VERSION "2.0.10"
#define PACKAGE_STRING "swig 2.0.10"
#define PACKAGE_BUGREPORT "http://www.swig.org"
#define PACKAGE_URL ""
#define PACKAGE "swig"
#define VERSION "2.0.10"
#define SWIG_CXX "g++"
#define SWIG_PLATFORM "i686-pc-linux-gnu"
#define STDC_HEADERS 1
#define HAVE_SYS_TYPES_H 1
#define HAVE_SYS_STAT_H 1
#define HAVE_STDLIB_H 1
#define HAVE_STRING_H 1
#define HAVE_MEMORY_H 1
#define HAVE_STRINGS_H 1
#define HAVE_INTTYPES_H 1
#define HAVE_STDINT_H 1
#define HAVE_UNISTD_H 1
#define HAVE_BOOL 1
#define HAVE_POPEN 1
#define HAVE_PCRE 1
#define HAVE_BOOST /**/
#define HAVE_LIBDL 1
#define SWIG_LIB "/usr/local/share/swig/2.0.10"
#define SWIG_LIB_WIN_UNIX ""

configure: exit 0
