This file contains any messages produced by compilers while
running configure, to aid debugging if configure makes a mistake.

It was created by TclOO configure 1.0, which was
generated by GNU Autoconf 2.61.  Invocation command line was

  $ ./configure 

## --------- ##
## Platform. ##
## --------- ##

hostname = MSec
uname -m = i686
uname -r = 3.2.0-43-generic-pae
uname -s = Linux
uname -v = #68-Ubuntu SMP Wed May 15 03:55:10 UTC 2013

/usr/bin/uname -p = unknown
/bin/uname -X     = unknown

/bin/arch              = unknown
/usr/bin/arch -k       = unknown
/usr/convex/getsysinfo = unknown
/usr/bin/hostinfo      = unknown
/bin/machine           = unknown
/usr/bin/oslevel       = unknown
/bin/universe          = unknown

PATH: /usr/lib/lightdm/lightdm
PATH: /usr/local/sbin
PATH: /usr/local/bin
PATH: /usr/sbin
PATH: /usr/bin
PATH: /sbin
PATH: /bin
PATH: /usr/games


## ----------- ##
## Core tests. ##
## ----------- ##

configure:1806: checking for correct TEA configuration
configure:1825: result: ok (TEA 3.9)
configure:1901: configuring TclOO 1.0
configure:1939: checking for Tcl configuration
configure:2066: result: found /home/chhama/Dropbox/mtp/o-ns-allinone-2.35.1/tcl8.5.10/unix/tclConfig.sh
configure:2072: checking for existence of /home/chhama/Dropbox/mtp/o-ns-allinone-2.35.1/tcl8.5.10/unix/tclConfig.sh
configure:2076: result: loading
configure:2187: --prefix defaulting to TCL_PREFIX /home/chhama/Dropbox/mtp/o-ns-allinone-2.35.1
configure:2199: --exec-prefix defaulting to TCL_EXEC_PREFIX /home/chhama/Dropbox/mtp/o-ns-allinone-2.35.1
configure:2267: checking for gcc
configure:2283: found /usr/bin/gcc
configure:2294: result: gcc
configure:2532: checking for C compiler version
configure:2539: gcc --version >&5
gcc (Ubuntu/Linaro 4.6.3-1ubuntu5) 4.6.3
Copyright (C) 2011 Free Software Foundation, Inc.
This is free software; see the source for copying conditions.  There is NO
warranty; not even for MERCHANTABILITY or FITNESS FOR A PARTICULAR PURPOSE.

configure:2542: $? = 0
configure:2549: gcc -v >&5
Using built-in specs.
COLLECT_GCC=gcc
COLLECT_LTO_WRAPPER=/usr/lib/gcc/i686-linux-gnu/4.6/lto-wrapper
Target: i686-linux-gnu
Configured with: ../src/configure -v --with-pkgversion='Ubuntu/Linaro 4.6.3-1ubuntu5' --with-bugurl=file:///usr/share/doc/gcc-4.6/README.Bugs --enable-languages=c,c++,fortran,objc,obj-c++ --prefix=/usr --program-suffix=-4.6 --enable-shared --enable-linker-build-id --with-system-zlib --libexecdir=/usr/lib --without-included-gettext --enable-threads=posix --with-gxx-include-dir=/usr/include/c++/4.6 --libdir=/usr/lib --enable-nls --with-sysroot=/ --enable-clocale=gnu --enable-libstdcxx-debug --enable-libstdcxx-time=yes --enable-gnu-unique-object --enable-plugin --enable-objc-gc --enable-targets=all --disable-werror --with-arch-32=i686 --with-tune=generic --enable-checking=release --build=i686-linux-gnu --host=i686-linux-gnu --target=i686-linux-gnu
Thread model: posix
gcc version 4.6.3 (Ubuntu/Linaro 4.6.3-1ubuntu5) 
configure:2552: $? = 0
configure:2559: gcc -V >&5
gcc: error: unrecognized option '-V'
gcc: fatal error: no input files
compilation terminated.
configure:2562: $? = 4
configure:2585: checking for C compiler default output file name
configure:2612: gcc    conftest.c  >&5
configure:2615: $? = 0
configure:2653: result: a.out
configure:2670: checking whether the C compiler works
configure:2680: ./a.out
configure:2683: $? = 0
configure:2700: result: yes
configure:2707: checking whether we are cross compiling
configure:2709: result: no
configure:2712: checking for suffix of executables
configure:2719: gcc -o conftest    conftest.c  >&5
configure:2722: $? = 0
configure:2746: result: 
configure:2752: checking for suffix of object files
configure:2778: gcc -c   conftest.c >&5
configure:2781: $? = 0
configure:2804: result: o
configure:2808: checking whether we are using the GNU C compiler
configure:2837: gcc -c   conftest.c >&5
configure:2843: $? = 0
configure:2860: result: yes
configure:2865: checking whether gcc accepts -g
configure:2895: gcc -c -g  conftest.c >&5
configure:2901: $? = 0
configure:3000: result: yes
configure:3017: checking for gcc option to accept ISO C89
configure:3091: gcc  -c   conftest.c >&5
configure:3097: $? = 0
configure:3120: result: none needed
configure:3143: checking how to run the C preprocessor
configure:3183: gcc -E  conftest.c
configure:3189: $? = 0
configure:3220: gcc -E  conftest.c
conftest.c:9:28: fatal error: ac_nonexistent.h: No such file or directory
compilation terminated.
configure:3226: $? = 1
configure: failed program was:
| /* confdefs.h.  */
| #define PACKAGE_NAME "TclOO"
| #define PACKAGE_TARNAME "tcloo"
| #define PACKAGE_VERSION "1.0"
| #define PACKAGE_STRING "TclOO 1.0"
| #define PACKAGE_BUGREPORT ""
| #define BUILD_TclOO
| /* end confdefs.h.  */
| #include <ac_nonexistent.h>
configure:3259: result: gcc -E
configure:3288: gcc -E  conftest.c
configure:3294: $? = 0
configure:3325: gcc -E  conftest.c
conftest.c:9:28: fatal error: ac_nonexistent.h: No such file or directory
compilation terminated.
configure:3331: $? = 1
configure: failed program was:
| /* confdefs.h.  */
| #define PACKAGE_NAME "TclOO"
| #define PACKAGE_TARNAME "tcloo"
| #define PACKAGE_VERSION "1.0"
| #define PACKAGE_STRING "TclOO 1.0"
| #define PACKAGE_BUGREPORT ""
| #define BUILD_TclOO
| /* end confdefs.h.  */
| #include <ac_nonexistent.h>
configure:3373: checking whether make sets $(MAKE)
configure:3394: result: yes
configure:3451: checking for ranlib
configure:3467: found /usr/bin/ranlib
configure:3478: result: ranlib
configure:3514: checking for grep that handles long lines and -e
configure:3588: result: /bin/grep
configure:3593: checking for egrep
configure:3671: result: /bin/grep -E
configure:3676: checking for ANSI C header files
configure:3706: gcc -c   conftest.c >&5
configure:3712: $? = 0
configure:3811: gcc -o conftest    conftest.c  >&5
configure:3814: $? = 0
configure:3820: ./conftest
configure:3823: $? = 0
configure:3840: result: yes
configure:3864: checking for sys/types.h
configure:3885: gcc -c   conftest.c >&5
configure:3891: $? = 0
configure:3907: result: yes
configure:3864: checking for sys/stat.h
configure:3885: gcc -c   conftest.c >&5
configure:3891: $? = 0
configure:3907: result: yes
configure:3864: checking for stdlib.h
configure:3885: gcc -c   conftest.c >&5
configure:3891: $? = 0
configure:3907: result: yes
configure:3864: checking for string.h
configure:3885: gcc -c   conftest.c >&5
configure:3891: $? = 0
configure:3907: result: yes
configure:3864: checking for memory.h
configure:3885: gcc -c   conftest.c >&5
configure:3891: $? = 0
configure:3907: result: yes
configure:3864: checking for strings.h
configure:3885: gcc -c   conftest.c >&5
configure:3891: $? = 0
configure:3907: result: yes
configure:3864: checking for inttypes.h
configure:3885: gcc -c   conftest.c >&5
configure:3891: $? = 0
configure:3907: result: yes
configure:3864: checking for stdint.h
configure:3885: gcc -c   conftest.c >&5
configure:3891: $? = 0
configure:3907: result: yes
configure:3864: checking for unistd.h
configure:3885: gcc -c   conftest.c >&5
configure:3891: $? = 0
configure:3907: result: yes
configure:3929: checking if the compiler understands -pipe
configure:3957: gcc -c  -pipe  conftest.c >&5
configure:3963: $? = 0
configure:3979: result: yes
configure:3990: checking whether byte ordering is bigendian
configure:4023: gcc -c  -pipe  conftest.c >&5
configure:4029: $? = 0
configure:4061: gcc -c  -pipe  conftest.c >&5
conftest.c: In function 'main':
conftest.c:26:2: error: unknown type name 'not'
conftest.c:26:10: error: expected '=', ',', ';', 'asm' or '__attribute__' before 'endian'
configure:4067: $? = 1
configure: failed program was:
| /* confdefs.h.  */
| #define PACKAGE_NAME "TclOO"
| #define PACKAGE_TARNAME "tcloo"
| #define PACKAGE_VERSION "1.0"
| #define PACKAGE_STRING "TclOO 1.0"
| #define PACKAGE_BUGREPORT ""
| #define BUILD_TclOO
| #define STDC_HEADERS 1
| #define HAVE_SYS_TYPES_H 1
| #define HAVE_SYS_STAT_H 1
| #define HAVE_STDLIB_H 1
| #define HAVE_STRING_H 1
| #define HAVE_MEMORY_H 1
| #define HAVE_STRINGS_H 1
| #define HAVE_INTTYPES_H 1
| #define HAVE_STDINT_H 1
| #define HAVE_UNISTD_H 1
| /* end confdefs.h.  */
| #include <sys/types.h>
| #include <sys/param.h>
| 
| int
| main ()
| {
| #if BYTE_ORDER != BIG_ENDIAN
|  not big endian
| #endif
| 
|   ;
|   return 0;
| }
configure:4207: result: no
configure:4235: checking for sin
configure:4291: gcc -o conftest  -pipe   conftest.c  >&5
conftest.c:42:6: warning: conflicting types for built-in function 'sin' [enabled by default]
/tmp/ccf2TS7t.o: In function `main':
conftest.c:(.text+0x7): undefined reference to `sin'
collect2: ld returned 1 exit status
configure:4297: $? = 1
configure: failed program was:
| /* confdefs.h.  */
| #define PACKAGE_NAME "TclOO"
| #define PACKAGE_TARNAME "tcloo"
| #define PACKAGE_VERSION "1.0"
| #define PACKAGE_STRING "TclOO 1.0"
| #define PACKAGE_BUGREPORT ""
| #define BUILD_TclOO
| #define STDC_HEADERS 1
| #define HAVE_SYS_TYPES_H 1
| #define HAVE_SYS_STAT_H 1
| #define HAVE_STDLIB_H 1
| #define HAVE_STRING_H 1
| #define HAVE_MEMORY_H 1
| #define HAVE_STRINGS_H 1
| #define HAVE_INTTYPES_H 1
| #define HAVE_STDINT_H 1
| #define HAVE_UNISTD_H 1
| /* end confdefs.h.  */
| /* Define sin to an innocuous variant, in case <limits.h> declares sin.
|    For example, HP-UX 11i <limits.h> declares gettimeofday.  */
| #define sin innocuous_sin
| 
| /* System header to define __stub macros and hopefully few prototypes,
|     which can conflict with char sin (); below.
|     Prefer <limits.h> to <assert.h> if __STDC__ is defined, since
|     <limits.h> exists even on freestanding compilers.  */
| 
| #ifdef __STDC__
| # include <limits.h>
| #else
| # include <assert.h>
| #endif
| 
| #undef sin
| 
| /* Override any GCC internal prototype to avoid an error.
|    Use char because int might match the return type of a GCC
|    builtin and then its argument prototype would still apply.  */
| #ifdef __cplusplus
| extern "C"
| #endif
| char sin ();
| /* The GNU C library defines this for functions which it implements
|     to always fail with ENOSYS.  Some functions are actually named
|     something starting with __ and the normal name is an alias.  */
| #if defined __stub_sin || defined __stub___sin
| choke me
| #endif
| 
| int
| main ()
| {
| return sin ();
|   ;
|   return 0;
| }
configure:4314: result: no
configure:4322: checking for main in -lieee
configure:4351: gcc -o conftest  -pipe   conftest.c -lieee   >&5
configure:4357: $? = 0
configure:4375: result: yes
configure:4387: checking for main in -linet
configure:4416: gcc -o conftest  -pipe   conftest.c -linet   >&5
/usr/bin/ld: cannot find -linet
collect2: ld returned 1 exit status
configure:4422: $? = 1
configure: failed program was:
| /* confdefs.h.  */
| #define PACKAGE_NAME "TclOO"
| #define PACKAGE_TARNAME "tcloo"
| #define PACKAGE_VERSION "1.0"
| #define PACKAGE_STRING "TclOO 1.0"
| #define PACKAGE_BUGREPORT ""
| #define BUILD_TclOO
| #define STDC_HEADERS 1
| #define HAVE_SYS_TYPES_H 1
| #define HAVE_SYS_STAT_H 1
| #define HAVE_STDLIB_H 1
| #define HAVE_STRING_H 1
| #define HAVE_MEMORY_H 1
| #define HAVE_STRINGS_H 1
| #define HAVE_INTTYPES_H 1
| #define HAVE_STDINT_H 1
| #define HAVE_UNISTD_H 1
| /* end confdefs.h.  */
| 
| 
| int
| main ()
| {
| return main ();
|   ;
|   return 0;
| }
configure:4440: result: no
configure:4456: checking net/errno.h usability
configure:4473: gcc -c  -pipe  conftest.c >&5
conftest.c:52:23: fatal error: net/errno.h: No such file or directory
compilation terminated.
configure:4479: $? = 1
configure: failed program was:
| /* confdefs.h.  */
| #define PACKAGE_NAME "TclOO"
| #define PACKAGE_TARNAME "tcloo"
| #define PACKAGE_VERSION "1.0"
| #define PACKAGE_STRING "TclOO 1.0"
| #define PACKAGE_BUGREPORT ""
| #define BUILD_TclOO
| #define STDC_HEADERS 1
| #define HAVE_SYS_TYPES_H 1
| #define HAVE_SYS_STAT_H 1
| #define HAVE_STDLIB_H 1
| #define HAVE_STRING_H 1
| #define HAVE_MEMORY_H 1
| #define HAVE_STRINGS_H 1
| #define HAVE_INTTYPES_H 1
| #define HAVE_STDINT_H 1
| #define HAVE_UNISTD_H 1
| /* end confdefs.h.  */
| #include <stdio.h>
| #ifdef HAVE_SYS_TYPES_H
| # include <sys/types.h>
| #endif
| #ifdef HAVE_SYS_STAT_H
| # include <sys/stat.h>
| #endif
| #ifdef STDC_HEADERS
| # include <stdlib.h>
| # include <stddef.h>
| #else
| # ifdef HAVE_STDLIB_H
| #  include <stdlib.h>
| # endif
| #endif
| #ifdef HAVE_STRING_H
| # if !defined STDC_HEADERS && defined HAVE_MEMORY_H
| #  include <memory.h>
| # endif
| # include <string.h>
| #endif
| #ifdef HAVE_STRINGS_H
| # include <strings.h>
| #endif
| #ifdef HAVE_INTTYPES_H
| # include <inttypes.h>
| #endif
| #ifdef HAVE_STDINT_H
| # include <stdint.h>
| #endif
| #ifdef HAVE_UNISTD_H
| # include <unistd.h>
| #endif
| #include <net/errno.h>
configure:4493: result: no
configure:4497: checking net/errno.h presence
configure:4512: gcc -E  conftest.c
conftest.c:19:23: fatal error: net/errno.h: No such file or directory
compilation terminated.
configure:4518: $? = 1
configure: failed program was:
| /* confdefs.h.  */
| #define PACKAGE_NAME "TclOO"
| #define PACKAGE_TARNAME "tcloo"
| #define PACKAGE_VERSION "1.0"
| #define PACKAGE_STRING "TclOO 1.0"
| #define PACKAGE_BUGREPORT ""
| #define BUILD_TclOO
| #define STDC_HEADERS 1
| #define HAVE_SYS_TYPES_H 1
| #define HAVE_SYS_STAT_H 1
| #define HAVE_STDLIB_H 1
| #define HAVE_STRING_H 1
| #define HAVE_MEMORY_H 1
| #define HAVE_STRINGS_H 1
| #define HAVE_INTTYPES_H 1
| #define HAVE_STDINT_H 1
| #define HAVE_UNISTD_H 1
| /* end confdefs.h.  */
| #include <net/errno.h>
configure:4532: result: no
configure:4560: checking for net/errno.h
configure:4567: result: no
configure:4601: checking for connect
configure:4657: gcc -o conftest  -pipe   conftest.c  >&5
configure:4663: $? = 0
configure:4680: result: yes
configure:4934: checking for gethostbyname
configure:4990: gcc -o conftest  -pipe   conftest.c  >&5
configure:4996: $? = 0
configure:5013: result: yes
configure:5094: checking dirent.h
configure:5140: gcc -o conftest  -pipe   conftest.c  >&5
configure:5146: $? = 0
configure:5163: result: yes
configure:5185: checking errno.h usability
configure:5202: gcc -c  -pipe  conftest.c >&5
configure:5208: $? = 0
configure:5222: result: yes
configure:5226: checking errno.h presence
configure:5241: gcc -E  conftest.c
configure:5247: $? = 0
configure:5261: result: yes
configure:5289: checking for errno.h
configure:5296: result: yes
configure:5321: checking float.h usability
configure:5338: gcc -c  -pipe  conftest.c >&5
configure:5344: $? = 0
configure:5358: result: yes
configure:5362: checking float.h presence
configure:5377: gcc -E  conftest.c
configure:5383: $? = 0
configure:5397: result: yes
configure:5425: checking for float.h
configure:5432: result: yes
configure:5457: checking values.h usability
configure:5474: gcc -c  -pipe  conftest.c >&5
configure:5480: $? = 0
configure:5494: result: yes
configure:5498: checking values.h presence
configure:5513: gcc -E  conftest.c
configure:5519: $? = 0
configure:5533: result: yes
configure:5561: checking for values.h
configure:5568: result: yes
configure:5593: checking limits.h usability
configure:5610: gcc -c  -pipe  conftest.c >&5
configure:5616: $? = 0
configure:5630: result: yes
configure:5634: checking limits.h presence
configure:5649: gcc -E  conftest.c
configure:5655: $? = 0
configure:5669: result: yes
configure:5697: checking for limits.h
configure:5704: result: yes
configure:5724: checking for stdlib.h
configure:5729: result: yes
configure:5914: checking for string.h
configure:5919: result: yes
configure:6101: checking sys/wait.h usability
configure:6118: gcc -c  -pipe  conftest.c >&5
configure:6124: $? = 0
configure:6138: result: yes
configure:6142: checking sys/wait.h presence
configure:6157: gcc -E  conftest.c
configure:6163: $? = 0
configure:6177: result: yes
configure:6205: checking for sys/wait.h
configure:6212: result: yes
configure:6237: checking dlfcn.h usability
configure:6254: gcc -c  -pipe  conftest.c >&5
configure:6260: $? = 0
configure:6274: result: yes
configure:6278: checking dlfcn.h presence
configure:6293: gcc -E  conftest.c
configure:6299: $? = 0
configure:6313: result: yes
configure:6341: checking for dlfcn.h
configure:6348: result: yes
configure:6380: checking sys/param.h usability
configure:6397: gcc -c  -pipe  conftest.c >&5
configure:6403: $? = 0
configure:6417: result: yes
configure:6421: checking sys/param.h presence
configure:6436: gcc -E  conftest.c
configure:6442: $? = 0
configure:6456: result: yes
configure:6484: checking for sys/param.h
configure:6492: result: yes
configure:6512: checking for inline
configure:6538: gcc -c  -pipe  conftest.c >&5
configure:6544: $? = 0
configure:6562: result: inline
configure:6690: checking for Tcl public headers
configure:6765: result: /home/chhama/Dropbox/mtp/o-ns-allinone-2.35.1/tcl8.5.10/generic
configure:6780: checking for Tcl private include files
configure:6834: result: Using srcdir found in tclConfig.sh: /home/chhama/Dropbox/mtp/o-ns-allinone-2.35.1/tcl8.5.10
configure:6883: checking for pthread_mutex_init in -lpthread
configure:6918: gcc -o conftest  -pipe   conftest.c -lpthread   >&5
configure:6924: $? = 0
configure:6942: result: yes
configure:7251: checking for building with threads
configure:7259: result: yes (default)
configure:7283: WARNING:
    --enable-threads requested, but building against a Tcl that is NOT
    thread-enabled.  This is an OK configuration that will also run in
    a thread-enabled core.
configure:7294: checking how to build libraries
configure:7312: result: shared
configure:7370: checking for ranlib
configure:7397: result: ranlib
configure:7428: checking if 64bit support is requested
configure:7437: result: no
configure:7442: checking if 64bit Sparc VIS support is requested
configure:7451: result: no
configure:7462: checking if compiler supports visibility "hidden"
configure:7492: gcc -o conftest  -pipe -Werror   conftest.c  >&5
configure:7498: $? = 0
configure:7516: result: yes
configure:7531: checking if rpath support is requested
configure:7540: result: yes
configure:7566: checking system version
configure:7589: result: Linux-3.2.0-43-generic-pae
configure:7669: checking for ar
configure:7685: found /usr/bin/ar
configure:7696: result: ar
configure:9632: checking for required early compiler flags
configure:9660: gcc -c  -pipe  conftest.c >&5
configure:9666: $? = 0
configure:9757: gcc -c  -pipe  conftest.c >&5
conftest.c: In function 'main':
conftest.c:30:15: error: storage size of 'buf' isn't known
configure:9763: $? = 1
configure: failed program was:
| /* confdefs.h.  */
| #define PACKAGE_NAME "TclOO"
| #define PACKAGE_TARNAME "tcloo"
| #define PACKAGE_VERSION "1.0"
| #define PACKAGE_STRING "TclOO 1.0"
| #define PACKAGE_BUGREPORT ""
| #define BUILD_TclOO
| #define STDC_HEADERS 1
| #define HAVE_SYS_TYPES_H 1
| #define HAVE_SYS_STAT_H 1
| #define HAVE_STDLIB_H 1
| #define HAVE_STRING_H 1
| #define HAVE_MEMORY_H 1
| #define HAVE_STRINGS_H 1
| #define HAVE_INTTYPES_H 1
| #define HAVE_STDINT_H 1
| #define HAVE_UNISTD_H 1
| #define HAVE_LIMITS_H 1
| #define HAVE_SYS_PARAM_H 1
| #define USE_THREAD_ALLOC 1
| #define _REENTRANT 1
| #define _THREAD_SAFE 1
| #define TCL_THREADS 1
| #define MODULE_SCOPE extern __attribute__((__visibility__("hidden")))
| /* end confdefs.h.  */
| #include <sys/stat.h>
| int
| main ()
| {
| struct stat64 buf; int i = stat64("/", &buf);
|   ;
|   return 0;
| }
configure:9795: gcc -c  -pipe  conftest.c >&5
configure:9801: $? = 0
configure:9854: gcc -c  -pipe  conftest.c >&5
conftest.c: In function 'main':
conftest.c:31:19: error: 'open64' undeclared (first use in this function)
conftest.c:31:19: note: each undeclared identifier is reported only once for each function it appears in
configure:9860: $? = 1
configure: failed program was:
| /* confdefs.h.  */
| #define PACKAGE_NAME "TclOO"
| #define PACKAGE_TARNAME "tcloo"
| #define PACKAGE_VERSION "1.0"
| #define PACKAGE_STRING "TclOO 1.0"
| #define PACKAGE_BUGREPORT ""
| #define BUILD_TclOO
| #define STDC_HEADERS 1
| #define HAVE_SYS_TYPES_H 1
| #define HAVE_SYS_STAT_H 1
| #define HAVE_STDLIB_H 1
| #define HAVE_STRING_H 1
| #define HAVE_MEMORY_H 1
| #define HAVE_STRINGS_H 1
| #define HAVE_INTTYPES_H 1
| #define HAVE_STDINT_H 1
| #define HAVE_UNISTD_H 1
| #define HAVE_LIMITS_H 1
| #define HAVE_SYS_PARAM_H 1
| #define USE_THREAD_ALLOC 1
| #define _REENTRANT 1
| #define _THREAD_SAFE 1
| #define TCL_THREADS 1
| #define MODULE_SCOPE extern __attribute__((__visibility__("hidden")))
| #define _LARGEFILE64_SOURCE 1
| /* end confdefs.h.  */
| #include <sys/stat.h>
| int
| main ()
| {
| char *p = (char *)open64;
|   ;
|   return 0;
| }
configure:9892: gcc -c  -pipe  conftest.c >&5
conftest.c: In function 'main':
conftest.c:32:19: error: 'open64' undeclared (first use in this function)
conftest.c:32:19: note: each undeclared identifier is reported only once for each function it appears in
configure:9898: $? = 1
configure: failed program was:
| /* confdefs.h.  */
| #define PACKAGE_NAME "TclOO"
| #define PACKAGE_TARNAME "tcloo"
| #define PACKAGE_VERSION "1.0"
| #define PACKAGE_STRING "TclOO 1.0"
| #define PACKAGE_BUGREPORT ""
| #define BUILD_TclOO
| #define STDC_HEADERS 1
| #define HAVE_SYS_TYPES_H 1
| #define HAVE_SYS_STAT_H 1
| #define HAVE_STDLIB_H 1
| #define HAVE_STRING_H 1
| #define HAVE_MEMORY_H 1
| #define HAVE_STRINGS_H 1
| #define HAVE_INTTYPES_H 1
| #define HAVE_STDINT_H 1
| #define HAVE_UNISTD_H 1
| #define HAVE_LIMITS_H 1
| #define HAVE_SYS_PARAM_H 1
| #define USE_THREAD_ALLOC 1
| #define _REENTRANT 1
| #define _THREAD_SAFE 1
| #define TCL_THREADS 1
| #define MODULE_SCOPE extern __attribute__((__visibility__("hidden")))
| #define _LARGEFILE64_SOURCE 1
| /* end confdefs.h.  */
| #define _LARGEFILE_SOURCE64 1
| #include <sys/stat.h>
| int
| main ()
| {
| char *p = (char *)open64;
|   ;
|   return 0;
| }
configure:9930: result:  _LARGEFILE64_SOURCE
configure:9935: checking for 64-bit integer type
configure:9964: gcc -c  -pipe  conftest.c >&5
conftest.c: In function 'main':
conftest.c:31:1: error: unknown type name '__int64'
conftest.c:31:18: error: '__int64' undeclared (first use in this function)
conftest.c:31:18: note: each undeclared identifier is reported only once for each function it appears in
conftest.c:31:27: error: expected ',' or ';' before numeric constant
configure:9970: $? = 1
configure: failed program was:
| /* confdefs.h.  */
| #define PACKAGE_NAME "TclOO"
| #define PACKAGE_TARNAME "tcloo"
| #define PACKAGE_VERSION "1.0"
| #define PACKAGE_STRING "TclOO 1.0"
| #define PACKAGE_BUGREPORT ""
| #define BUILD_TclOO
| #define STDC_HEADERS 1
| #define HAVE_SYS_TYPES_H 1
| #define HAVE_SYS_STAT_H 1
| #define HAVE_STDLIB_H 1
| #define HAVE_STRING_H 1
| #define HAVE_MEMORY_H 1
| #define HAVE_STRINGS_H 1
| #define HAVE_INTTYPES_H 1
| #define HAVE_STDINT_H 1
| #define HAVE_UNISTD_H 1
| #define HAVE_LIMITS_H 1
| #define HAVE_SYS_PARAM_H 1
| #define USE_THREAD_ALLOC 1
| #define _REENTRANT 1
| #define _THREAD_SAFE 1
| #define TCL_THREADS 1
| #define MODULE_SCOPE extern __attribute__((__visibility__("hidden")))
| #define _LARGEFILE64_SOURCE 1
| /* end confdefs.h.  */
| 
| int
| main ()
| {
| __int64 value = (__int64) 0;
|   ;
|   return 0;
| }
configure:10010: gcc -c  -pipe  conftest.c >&5
configure:10016: $? = 0
configure:10052: result: long long
configure:10056: checking for struct dirent64
configure:10084: gcc -c  -pipe  conftest.c >&5
conftest.c:29:24: fatal error: sys/dirent.h: No such file or directory
compilation terminated.
configure:10090: $? = 1
configure: failed program was:
| /* confdefs.h.  */
| #define PACKAGE_NAME "TclOO"
| #define PACKAGE_TARNAME "tcloo"
| #define PACKAGE_VERSION "1.0"
| #define PACKAGE_STRING "TclOO 1.0"
| #define PACKAGE_BUGREPORT ""
| #define BUILD_TclOO
| #define STDC_HEADERS 1
| #define HAVE_SYS_TYPES_H 1
| #define HAVE_SYS_STAT_H 1
| #define HAVE_STDLIB_H 1
| #define HAVE_STRING_H 1
| #define HAVE_MEMORY_H 1
| #define HAVE_STRINGS_H 1
| #define HAVE_INTTYPES_H 1
| #define HAVE_STDINT_H 1
| #define HAVE_UNISTD_H 1
| #define HAVE_LIMITS_H 1
| #define HAVE_SYS_PARAM_H 1
| #define USE_THREAD_ALLOC 1
| #define _REENTRANT 1
| #define _THREAD_SAFE 1
| #define TCL_THREADS 1
| #define MODULE_SCOPE extern __attribute__((__visibility__("hidden")))
| #define _LARGEFILE64_SOURCE 1
| #define TCL_WIDE_INT_TYPE long long
| /* end confdefs.h.  */
| #include <sys/types.h>
| #include <sys/dirent.h>
| int
| main ()
| {
| struct dirent64 p;
|   ;
|   return 0;
| }
configure:10105: result: no
configure:10115: checking for struct stat64
configure:10143: gcc -c  -pipe  conftest.c >&5
configure:10149: $? = 0
configure:10164: result: yes
configure:10179: checking for open64
configure:10235: gcc -o conftest  -pipe   -Wl,--export-dynamic  conftest.c  >&5
configure:10241: $? = 0
configure:10259: result: yes
configure:10179: checking for lseek64
configure:10235: gcc -o conftest  -pipe   -Wl,--export-dynamic  conftest.c  >&5
configure:10241: $? = 0
configure:10259: result: yes
configure:10269: checking for off64_t
configure:10297: gcc -c  -pipe  conftest.c >&5
configure:10303: $? = 0
configure:10327: result: yes
configure:10338: checking for build with symbols
configure:10351: result: no
configure:10498: checking for tclsh
configure:10525: result: /home/chhama/Dropbox/mtp/o-ns-allinone-2.35.1/tcl8.5.10/unix/tclsh
configure:10548: checking for sdx
configure:10579: result: none
configure:10591: checking for sdx.kit
configure:10622: result: none
configure:10641: WARNING: cannot find sdx; building starkits will fail
configure:10643: building as a normal library still supported
configure:10831: creating ./config.status

## ---------------------- ##
## Running config.status. ##
## ---------------------- ##

This file was extended by TclOO config.status 1.0, which was
generated by GNU Autoconf 2.61.  Invocation command line was

  CONFIG_FILES    = 
  CONFIG_HEADERS  = 
  CONFIG_LINKS    = 
  CONFIG_COMMANDS = 
  $ ./config.status 

on MSec

config.status:660: creating Makefile
config.status:660: creating tclooConfig.sh
config.status:660: creating config.h

## ---------------- ##
## Cache variables. ##
## ---------------- ##

ac_cv_c_bigendian=no
ac_cv_c_compiler_gnu=yes
ac_cv_c_inline=inline
ac_cv_c_tclconfig=/home/chhama/Dropbox/mtp/o-ns-allinone-2.35.1/tcl8.5.10/unix
ac_cv_c_tclh=/home/chhama/Dropbox/mtp/o-ns-allinone-2.35.1/tcl8.5.10/generic
ac_cv_env_CC_set=
ac_cv_env_CC_value=
ac_cv_env_CFLAGS_set=
ac_cv_env_CFLAGS_value=
ac_cv_env_CPPFLAGS_set=
ac_cv_env_CPPFLAGS_value=
ac_cv_env_CPP_set=
ac_cv_env_CPP_value=
ac_cv_env_LDFLAGS_set=
ac_cv_env_LDFLAGS_value=
ac_cv_env_LIBS_set=
ac_cv_env_LIBS_value=
ac_cv_env_build_alias_set=
ac_cv_env_build_alias_value=
ac_cv_env_host_alias_set=
ac_cv_env_host_alias_value=
ac_cv_env_target_alias_set=
ac_cv_env_target_alias_value=
ac_cv_func_connect=yes
ac_cv_func_gethostbyname=yes
ac_cv_func_lseek64=yes
ac_cv_func_open64=yes
ac_cv_func_sin=no
ac_cv_header_dlfcn_h=yes
ac_cv_header_errno_h=yes
ac_cv_header_float_h=yes
ac_cv_header_inttypes_h=yes
ac_cv_header_limits_h=yes
ac_cv_header_memory_h=yes
ac_cv_header_net_errno_h=no
ac_cv_header_stdc=yes
ac_cv_header_stdint_h=yes
ac_cv_header_stdlib_h=yes
ac_cv_header_string_h=yes
ac_cv_header_strings_h=yes
ac_cv_header_sys_param_h=yes
ac_cv_header_sys_stat_h=yes
ac_cv_header_sys_types_h=yes
ac_cv_header_sys_wait_h=yes
ac_cv_header_unistd_h=yes
ac_cv_header_values_h=yes
ac_cv_lib_ieee_main=yes
ac_cv_lib_inet_main=no
ac_cv_lib_pthread_pthread_mutex_init=yes
ac_cv_objext=o
ac_cv_path_EGREP='/bin/grep -E'
ac_cv_path_GREP=/bin/grep
ac_cv_path_SDX=none
ac_cv_path_SDX_KIT=none
ac_cv_prog_CPP='gcc -E'
ac_cv_prog_ac_ct_AR=ar
ac_cv_prog_ac_ct_CC=gcc
ac_cv_prog_ac_ct_RANLIB=ranlib
ac_cv_prog_cc_c89=
ac_cv_prog_cc_g=yes
ac_cv_prog_make_make_set=yes
tcl_cv_cc_pipe=yes
tcl_cv_cc_visibility_hidden=yes
tcl_cv_dirent_h=yes
tcl_cv_flag__isoc99_source=no
tcl_cv_flag__largefile64_source=yes
tcl_cv_flag__largefile_source64=no
tcl_cv_struct_dirent64=no
tcl_cv_struct_stat64=yes
tcl_cv_sys_version=Linux-3.2.0-43-generic-pae
tcl_cv_type_64bit='long long'
tcl_cv_type_off64_t=yes

## ----------------- ##
## Output variables. ##
## ----------------- ##

AR='ar'
CC='gcc'
CELIB_DIR=''
CFLAGS=' -pipe ${CFLAGS_DEFAULT} ${CFLAGS_WARNING} ${SHLIB_CFLAGS} '
CFLAGS_DEBUG='-g'
CFLAGS_DEFAULT='-O2 -fomit-frame-pointer'
CFLAGS_OPTIMIZE='-O2 -fomit-frame-pointer'
CFLAGS_WARNING='-Wall'
CLEANFILES=' pkgIndex.tcl'
CONFIGURE_OUTPUTS='Makefile tclooConfig.sh config.cache config.log config.status'
CPP='gcc -E'
CPPFLAGS=''
CYGPATH='echo'
DEFS='-DHAVE_CONFIG_H'
ECHO_C=''
ECHO_N='-n'
ECHO_T=''
EGREP='/bin/grep -E'
EXEEXT=''
GREP='/bin/grep'
LDFLAGS=' -Wl,--export-dynamic '
LDFLAGS_DEFAULT=' -Wl,--export-dynamic '
LD_LIBRARY_PATH_VAR='LD_LIBRARY_PATH'
LIBOBJS=''
LIBS=''
LTLIBOBJS=''
MAKE_LIB='${SHLIB_LD} -o $@ $(PKG_OBJECTS) ${SHLIB_LD_LIBS} '
MAKE_SHARED_LIB='${SHLIB_LD} -o $@ $(PKG_OBJECTS) ${SHLIB_LD_LIBS}'
MAKE_STATIC_LIB='${STLIB_LD} $@ $(PKG_OBJECTS)'
MAKE_STUB_LIB='${STLIB_LD} $@ $(PKG_STUB_OBJECTS)'
MATH_LIBS='-lieee -lm'
OBJEXT='o'
PACKAGE_BUGREPORT=''
PACKAGE_NAME='TclOO'
PACKAGE_STRING='TclOO 1.0'
PACKAGE_TARNAME='tcloo'
PACKAGE_VERSION='1.0'
PATH_SEPARATOR=':'
PKG_CFLAGS=''
PKG_HEADERS=' generic/tclOO.h generic/tclOODecls.h'
PKG_INCLUDES=' -I"." -I"./generic"'
PKG_LIBS=''
PKG_LIB_FILE='libTclOO1.0.so'
PKG_OBJECTS=' tclOO.o tclOOBasic.o tclOOCall.o tclOODefineCmds.o tclOOInfo.o tclOOMethod.o tclOOStubInit.o'
PKG_PRIVATE_HEADERS=' generic/tclOOInt.h generic/tclOOIntDecls.h'
PKG_SOURCES=' tclOO.c tclOOBasic.c tclOOCall.c tclOODefineCmds.c tclOOInfo.c tclOOMethod.c tclOOStubInit.c'
PKG_STUB_LIB_FILE='libTclOOstub1.0.a'
PKG_STUB_OBJECTS=' tclOOStubLib.o'
PKG_STUB_SOURCES=' tclOOStubLib.c'
PKG_TCL_SOURCES=''
RANLIB=':'
RANLIB_STUB='ranlib'
RC=''
SDX='none'
SDX_KIT='none'
SET_MAKE=''
SHARED_BUILD='1'
SHELL='/bin/bash'
SHLIB_CFLAGS='-fPIC'
SHLIB_LD='${CC} -shared ${CFLAGS} ${LDFLAGS_DEFAULT}'
SHLIB_LD_LIBS='${LIBS} -L/home/chhama/Dropbox/mtp/o-ns-allinone-2.35.1/tcl8.5.10/unix -ltclstub8.5'
STLIB_LD='${AR} cr'
TCLOO_INCLUDE_SPEC='-I/home/chhama/Dropbox/mtp/o-ns-allinone-2.35.1/include'
TCLOO_LIB_SPEC='-L/home/chhama/Dropbox/mtp/o-ns-allinone-2.35.1/lib/TclOO1.0 -lTclOO1.0'
TCLOO_PRIVATE_INCLUDE_SPEC='-I/home/chhama/Dropbox/mtp/o-ns-allinone-2.35.1/include'
TCLOO_STUB_LIB_SPEC='-L/home/chhama/Dropbox/mtp/o-ns-allinone-2.35.1/lib/TclOO1.0 -lTclOOstub1.0'
TCLSH_PROG='/home/chhama/Dropbox/mtp/o-ns-allinone-2.35.1/tcl8.5.10/unix/tclsh'
TCL_BIN_DIR='/home/chhama/Dropbox/mtp/o-ns-allinone-2.35.1/tcl8.5.10/unix'
TCL_DBGX=''
TCL_DEFS='-DPACKAGE_NAME=\"tcl\" -DPACKAGE_TARNAME=\"tcl\" -DPACKAGE_VERSION=\"8.5\" -DPACKAGE_STRING=\"tcl\ 8.5\" -DPACKAGE_BUGREPORT=\"\" -DPACKAGE_URL=\"\" -DSTDC_HEADERS=1 -DHAVE_SYS_TYPES_H=1 -DHAVE_SYS_STAT_H=1 -DHAVE_STDLIB_H=1 -DHAVE_STRING_H=1 -DHAVE_MEMORY_H=1 -DHAVE_STRINGS_H=1 -DHAVE_INTTYPES_H=1 -DHAVE_STDINT_H=1 -DHAVE_UNISTD_H=1 -DHAVE_LIMITS_H=1 -DHAVE_SYS_PARAM_H=1 -DTCL_CFGVAL_ENCODING=\"iso8859-1\" -DSTATIC_BUILD=1 -DMODULE_SCOPE=extern\ __attribute__\(\(__visibility__\(\"hidden\"\)\)\) -DTCL_SHLIB_EXT=\".so\" -DTCL_CFG_OPTIMIZED=1 -DTCL_CFG_DEBUG=1 -DTCL_TOMMATH=1 -DMP_PREC=4 -D_LARGEFILE64_SOURCE=1 -DTCL_WIDE_INT_TYPE=long\ long -DHAVE_STRUCT_STAT64=1 -DHAVE_OPEN64=1 -DHAVE_LSEEK64=1 -DHAVE_TYPE_OFF64_T=1 -DHAVE_GETCWD=1 -DHAVE_OPENDIR=1 -DHAVE_STRTOL=1 -DHAVE_WAITPID=1 -DHAVE_GETADDRINFO=1 -DUSE_TERMIOS=1 -DHAVE_SYS_TIME_H=1 -DTIME_WITH_SYS_TIME=1 -DHAVE_GMTIME_R=1 -DHAVE_LOCALTIME_R=1 -DHAVE_MKTIME=1 -DHAVE_TM_GMTOFF=1 -DHAVE_TIMEZONE_VAR=1 -DHAVE_STRUCT_STAT_ST_BLOCKS=1 -DHAVE_STRUCT_STAT_ST_BLKSIZE=1 -DHAVE_BLKCNT_T=1 -DHAVE_INTPTR_T=1 -DHAVE_UINTPTR_T=1 -DHAVE_SIGNED_CHAR=1 -DHAVE_LANGINFO=1 -DHAVE_SYS_IOCTL_H=1 -DTCL_UNLOAD_DLLS=1'
TCL_EXTRA_CFLAGS=' -pipe '
TCL_INCLUDES='-I"/home/chhama/Dropbox/mtp/o-ns-allinone-2.35.1/tcl8.5.10/generic" -I"/home/chhama/Dropbox/mtp/o-ns-allinone-2.35.1/tcl8.5.10/unix"'
TCL_LD_FLAGS=' -Wl,--export-dynamic '
TCL_LIBS='${DL_LIBS} ${LIBS} ${MATH_LIBS}'
TCL_LIB_FILE='libtcl8.5.a'
TCL_LIB_FLAG='-ltcl8.5'
TCL_LIB_SPEC='-L/home/chhama/Dropbox/mtp/o-ns-allinone-2.35.1/tcl8.5.10/unix -ltcl8.5'
TCL_PATCH_LEVEL='.10'
TCL_SHLIB_LD_LIBS='${LIBS}'
TCL_SRC_DIR='/home/chhama/Dropbox/mtp/o-ns-allinone-2.35.1/tcl8.5.10'
TCL_STUB_LIB_FILE='libtclstub8.5.a'
TCL_STUB_LIB_FLAG='-ltclstub8.5'
TCL_STUB_LIB_SPEC='-L/home/chhama/Dropbox/mtp/o-ns-allinone-2.35.1/tcl8.5.10/unix -ltclstub8.5'
TCL_THREADS='1'
TCL_TOP_DIR_NATIVE='"/home/chhama/Dropbox/mtp/o-ns-allinone-2.35.1/tcl8.5.10"'
TCL_VERSION='8.5'
VC_MANIFEST_EMBED_DLL=''
VC_MANIFEST_EMBED_EXE=''
ac_ct_CC='gcc'
bindir='${exec_prefix}/bin'
build_alias=''
datadir='${datarootdir}'
datarootdir='${prefix}/share'
docdir='${datarootdir}/doc/${PACKAGE_TARNAME}'
dvidir='${docdir}'
exec_prefix='/home/chhama/Dropbox/mtp/o-ns-allinone-2.35.1'
host_alias=''
htmldir='${docdir}'
includedir='${prefix}/include'
infodir='${datarootdir}/info'
libdir='${exec_prefix}/lib'
libexecdir='${exec_prefix}/libexec'
localedir='${datarootdir}/locale'
localstatedir='${prefix}/var'
mandir='${datarootdir}/man'
oldincludedir='/usr/include'
pdfdir='${docdir}'
prefix='/home/chhama/Dropbox/mtp/o-ns-allinone-2.35.1'
program_transform_name='s,x,x,'
psdir='${docdir}'
sbindir='${exec_prefix}/sbin'
sharedstatedir='${prefix}/com'
sysconfdir='${prefix}/etc'
target_alias=''

## ----------- ##
## confdefs.h. ##
## ----------- ##

#define PACKAGE_NAME "TclOO"
#define PACKAGE_TARNAME "tcloo"
#define PACKAGE_VERSION "1.0"
#define PACKAGE_STRING "TclOO 1.0"
#define PACKAGE_BUGREPORT ""
#define BUILD_TclOO
#define STDC_HEADERS 1
#define HAVE_SYS_TYPES_H 1
#define HAVE_SYS_STAT_H 1
#define HAVE_STDLIB_H 1
#define HAVE_STRING_H 1
#define HAVE_MEMORY_H 1
#define HAVE_STRINGS_H 1
#define HAVE_INTTYPES_H 1
#define HAVE_STDINT_H 1
#define HAVE_UNISTD_H 1
#define HAVE_LIMITS_H 1
#define HAVE_SYS_PARAM_H 1
#define USE_THREAD_ALLOC 1
#define _REENTRANT 1
#define _THREAD_SAFE 1
#define TCL_THREADS 1
#define MODULE_SCOPE extern __attribute__((__visibility__("hidden")))
#define _LARGEFILE64_SOURCE 1
#define TCL_WIDE_INT_TYPE long long
#define HAVE_STRUCT_STAT64 1
#define HAVE_OPEN64 1
#define HAVE_LSEEK64 1
#define HAVE_TYPE_OFF64_T 1
#define USE_TCL_STUBS 1

configure: exit 0
